2023-12-19 10:12:273 INFO  HomePage :58 - Show All Desktop: [[ChromeDriver: chrome on windows (04e35188955aed46f7459bdae4fa4995)] -> link text: Show AllDesktops]
2023-12-19 10:12:376 INFO  HomePage :34 - List Of Products : [Apple Cinema 30"]
2023-12-19 10:12:399 INFO  HomePage :34 - List Of Products : [Apple Cinema 30", Canon EOS 5D]
2023-12-19 10:12:421 INFO  HomePage :34 - List Of Products : [Apple Cinema 30", Canon EOS 5D, HP LP3065]
2023-12-19 10:12:438 INFO  HomePage :34 - List Of Products : [Apple Cinema 30", Canon EOS 5D, HP LP3065, HTC Touch HD]
2023-12-19 10:12:449 INFO  HomePage :34 - List Of Products : [Apple Cinema 30", Canon EOS 5D, HP LP3065, HTC Touch HD, iPhone]
2023-12-19 10:12:459 INFO  HomePage :34 - List Of Products : [Apple Cinema 30", Canon EOS 5D, HP LP3065, HTC Touch HD, iPhone, iPod Classic]
2023-12-19 10:12:503 INFO  HomePage :34 - List Of Products : [Apple Cinema 30", Canon EOS 5D, HP LP3065, HTC Touch HD, iPhone, iPod Classic, MacBook]
2023-12-19 10:12:519 INFO  HomePage :34 - List Of Products : [Apple Cinema 30", Canon EOS 5D, HP LP3065, HTC Touch HD, iPhone, iPod Classic, MacBook, MacBook Air]
2023-12-19 10:12:530 INFO  HomePage :34 - List Of Products : [Apple Cinema 30", Canon EOS 5D, HP LP3065, HTC Touch HD, iPhone, iPod Classic, MacBook, MacBook Air, Palm Treo Pro]
2023-12-19 10:12:539 INFO  HomePage :34 - List Of Products : [Apple Cinema 30", Canon EOS 5D, HP LP3065, HTC Touch HD, iPhone, iPod Classic, MacBook, MacBook Air, Palm Treo Pro, Product 8]
2023-12-19 10:12:551 INFO  HomePage :34 - List Of Products : [Apple Cinema 30", Canon EOS 5D, HP LP3065, HTC Touch HD, iPhone, iPod Classic, MacBook, MacBook Air, Palm Treo Pro, Product 8, Samsung SyncMaster 941BW]
2023-12-19 10:12:561 INFO  HomePage :34 - List Of Products : [Apple Cinema 30", Canon EOS 5D, HP LP3065, HTC Touch HD, iPhone, iPod Classic, MacBook, MacBook Air, Palm Treo Pro, Product 8, Samsung SyncMaster 941BW, Sony VAIO]
2023-12-19 10:12:182 INFO  HomePage :41 - Select sort by Z to A: [[ChromeDriver: chrome on windows (04e35188955aed46f7459bdae4fa4995)] -> id: input-sort]
2023-12-19 10:12:211 INFO  HomePage :34 - List Of Products : [Sony VAIO]
2023-12-19 10:12:221 INFO  HomePage :34 - List Of Products : [Sony VAIO, Samsung SyncMaster 941BW]
2023-12-19 10:12:231 INFO  HomePage :34 - List Of Products : [Sony VAIO, Samsung SyncMaster 941BW, Product 8]
2023-12-19 10:12:242 INFO  HomePage :34 - List Of Products : [Sony VAIO, Samsung SyncMaster 941BW, Product 8, Palm Treo Pro]
2023-12-19 10:12:251 INFO  HomePage :34 - List Of Products : [Sony VAIO, Samsung SyncMaster 941BW, Product 8, Palm Treo Pro, MacBook Air]
2023-12-19 10:12:260 INFO  HomePage :34 - List Of Products : [Sony VAIO, Samsung SyncMaster 941BW, Product 8, Palm Treo Pro, MacBook Air, MacBook]
2023-12-19 10:12:269 INFO  HomePage :34 - List Of Products : [Sony VAIO, Samsung SyncMaster 941BW, Product 8, Palm Treo Pro, MacBook Air, MacBook, iPod Classic]
2023-12-19 10:12:279 INFO  HomePage :34 - List Of Products : [Sony VAIO, Samsung SyncMaster 941BW, Product 8, Palm Treo Pro, MacBook Air, MacBook, iPod Classic, iPhone]
2023-12-19 10:12:290 INFO  HomePage :34 - List Of Products : [Sony VAIO, Samsung SyncMaster 941BW, Product 8, Palm Treo Pro, MacBook Air, MacBook, iPod Classic, iPhone, HTC Touch HD]
2023-12-19 10:12:300 INFO  HomePage :34 - List Of Products : [Sony VAIO, Samsung SyncMaster 941BW, Product 8, Palm Treo Pro, MacBook Air, MacBook, iPod Classic, iPhone, HTC Touch HD, HP LP3065]
2023-12-19 10:12:309 INFO  HomePage :34 - List Of Products : [Sony VAIO, Samsung SyncMaster 941BW, Product 8, Palm Treo Pro, MacBook Air, MacBook, iPod Classic, iPhone, HTC Touch HD, HP LP3065, Canon EOS 5D]
2023-12-19 10:12:321 INFO  HomePage :34 - List Of Products : [Sony VAIO, Samsung SyncMaster 941BW, Product 8, Palm Treo Pro, MacBook Air, MacBook, iPod Classic, iPhone, HTC Touch HD, HP LP3065, Canon EOS 5D, Apple Cinema 30"]
2023-12-19 10:12:704 INFO  HomePage :46 - click On Currency DropDown : [[ChromeDriver: chrome on windows (9eed22c223cde232e13a8b9afcfdefb6)] -> xpath: (//button[@class='btn btn-link dropdown-toggle'])[1]]
2023-12-19 10:12:721 INFO  HomePage :51 - Click On Pound Sterling : [[ChromeDriver: chrome on windows (9eed22c223cde232e13a8b9afcfdefb6)] -> name: GBP]
2023-12-19 10:12:797 INFO  HomePage :58 - Show All Desktop: [[ChromeDriver: chrome on windows (9eed22c223cde232e13a8b9afcfdefb6)] -> link text: Show AllDesktops]
2023-12-19 10:12:906 INFO  HomePage :34 - List Of Products : [Apple Cinema 30"]
2023-12-19 10:12:945 INFO  HomePage :34 - List Of Products : [Apple Cinema 30", Canon EOS 5D]
2023-12-19 10:12:983 INFO  HomePage :34 - List Of Products : [Apple Cinema 30", Canon EOS 5D, HP LP3065]
2023-12-19 10:12:26 INFO  HomePage :34 - List Of Products : [Apple Cinema 30", Canon EOS 5D, HP LP3065, HTC Touch HD]
2023-12-19 10:12:67 INFO  HomePage :34 - List Of Products : [Apple Cinema 30", Canon EOS 5D, HP LP3065, HTC Touch HD, iPhone]
2023-12-19 10:12:105 INFO  HomePage :34 - List Of Products : [Apple Cinema 30", Canon EOS 5D, HP LP3065, HTC Touch HD, iPhone, iPod Classic]
2023-12-19 10:12:142 INFO  HomePage :34 - List Of Products : [Apple Cinema 30", Canon EOS 5D, HP LP3065, HTC Touch HD, iPhone, iPod Classic, MacBook]
2023-12-19 10:12:176 INFO  HomePage :34 - List Of Products : [Apple Cinema 30", Canon EOS 5D, HP LP3065, HTC Touch HD, iPhone, iPod Classic, MacBook, MacBook Air]
2023-12-19 10:12:213 INFO  HomePage :34 - List Of Products : [Apple Cinema 30", Canon EOS 5D, HP LP3065, HTC Touch HD, iPhone, iPod Classic, MacBook, MacBook Air, Palm Treo Pro]
2023-12-19 10:12:253 INFO  HomePage :34 - List Of Products : [Apple Cinema 30", Canon EOS 5D, HP LP3065, HTC Touch HD, iPhone, iPod Classic, MacBook, MacBook Air, Palm Treo Pro, Product 8]
2023-12-19 10:12:289 INFO  HomePage :34 - List Of Products : [Apple Cinema 30", Canon EOS 5D, HP LP3065, HTC Touch HD, iPhone, iPod Classic, MacBook, MacBook Air, Palm Treo Pro, Product 8, Samsung SyncMaster 941BW]
2023-12-19 10:12:325 INFO  HomePage :34 - List Of Products : [Apple Cinema 30", Canon EOS 5D, HP LP3065, HTC Touch HD, iPhone, iPod Classic, MacBook, MacBook Air, Palm Treo Pro, Product 8, Samsung SyncMaster 941BW, Sony VAIO]
2023-12-19 10:12:152 INFO  HomePage :41 - Select sort by Z to A: [[ChromeDriver: chrome on windows (9eed22c223cde232e13a8b9afcfdefb6)] -> id: input-sort]
2023-12-19 10:12:90 INFO  HomePage :59 - List Of Product : [[ChromeDriver: chrome on windows (9eed22c223cde232e13a8b9afcfdefb6)] -> xpath: //h4/a]
2023-12-19 10:12:185 INFO  HomePage :32 - Verify Product name : [[ChromeDriver: chrome on windows (9eed22c223cde232e13a8b9afcfdefb6)] -> css selector: div[id='content'] h1]
2023-12-19 10:12:667 INFO  HomePage :39 - Enter Quantity : [[ChromeDriver: chrome on windows (9eed22c223cde232e13a8b9afcfdefb6)] -> id: input-quantity]
2023-12-19 10:12:776 INFO  HomePage :44 - Click on Add TO cart : [[ChromeDriver: chrome on windows (9eed22c223cde232e13a8b9afcfdefb6)] -> id: button-cart]
2023-12-19 10:12:321 INFO  HomePage :48 - Verify Success Message : [[ChromeDriver: chrome on windows (9eed22c223cde232e13a8b9afcfdefb6)] -> css selector: .alert.alert-success.alert-dismissible]
2023-12-19 10:12:231 INFO  HomePage :53 - Click on Shopping cart : [[ChromeDriver: chrome on windows (9eed22c223cde232e13a8b9afcfdefb6)] -> link text: shopping cart]
2023-12-19 10:12:266 INFO  AccountPage :29 - Shopping cart heading[[ChromeDriver: chrome on windows (9eed22c223cde232e13a8b9afcfdefb6)] -> xpath: //h1[contains(text(),'Shopping Cart')]]
2023-12-19 10:12:292 INFO  AccountPage :33 - Product name : [[ChromeDriver: chrome on windows (9eed22c223cde232e13a8b9afcfdefb6)] -> xpath: //div[@class = 'table-responsive']/table/tbody/tr/td[2]/a]
2023-12-19 10:12:322 INFO  AccountPage :37 - Model name: [[ChromeDriver: chrome on windows (9eed22c223cde232e13a8b9afcfdefb6)] -> xpath: //div[@class = 'table-responsive']/table/tbody/tr/td[3]]
2023-12-19 10:12:356 INFO  AccountPage :41 - Total Price: [[ChromeDriver: chrome on windows (9eed22c223cde232e13a8b9afcfdefb6)] -> xpath: //div[@class = 'table-responsive']/table/tbody/tr/td[6]]
2023-12-19 10:12:764 INFO  HomePage :46 - click On Currency DropDown : [[ChromeDriver: chrome on windows (04a9a77aca301ebfc8761b3060ea454e)] -> xpath: (//button[@class='btn btn-link dropdown-toggle'])[1]]
2023-12-19 10:12:786 INFO  HomePage :51 - Click On Pound Sterling : [[ChromeDriver: chrome on windows (04a9a77aca301ebfc8761b3060ea454e)] -> name: GBP]
2023-12-19 10:12:744 INFO  HomePage :58 - Show All Desktop: [[ChromeDriver: chrome on windows (04a9a77aca301ebfc8761b3060ea454e)] -> link text: Show AllDesktops]
2023-12-19 10:12:845 INFO  HomePage :34 - List Of Products : [Apple Cinema 30"]
2023-12-19 10:12:881 INFO  HomePage :34 - List Of Products : [Apple Cinema 30", Canon EOS 5D]
2023-12-19 10:12:917 INFO  HomePage :34 - List Of Products : [Apple Cinema 30", Canon EOS 5D, HP LP3065]
2023-12-19 10:12:955 INFO  HomePage :34 - List Of Products : [Apple Cinema 30", Canon EOS 5D, HP LP3065, HTC Touch HD]
2023-12-19 10:12:995 INFO  HomePage :34 - List Of Products : [Apple Cinema 30", Canon EOS 5D, HP LP3065, HTC Touch HD, iPhone]
2023-12-19 10:12:33 INFO  HomePage :34 - List Of Products : [Apple Cinema 30", Canon EOS 5D, HP LP3065, HTC Touch HD, iPhone, iPod Classic]
2023-12-19 10:12:70 INFO  HomePage :34 - List Of Products : [Apple Cinema 30", Canon EOS 5D, HP LP3065, HTC Touch HD, iPhone, iPod Classic, MacBook]
2023-12-19 10:12:105 INFO  HomePage :34 - List Of Products : [Apple Cinema 30", Canon EOS 5D, HP LP3065, HTC Touch HD, iPhone, iPod Classic, MacBook, MacBook Air]
2023-12-19 10:12:141 INFO  HomePage :34 - List Of Products : [Apple Cinema 30", Canon EOS 5D, HP LP3065, HTC Touch HD, iPhone, iPod Classic, MacBook, MacBook Air, Palm Treo Pro]
2023-12-19 10:12:179 INFO  HomePage :34 - List Of Products : [Apple Cinema 30", Canon EOS 5D, HP LP3065, HTC Touch HD, iPhone, iPod Classic, MacBook, MacBook Air, Palm Treo Pro, Product 8]
2023-12-19 10:12:218 INFO  HomePage :34 - List Of Products : [Apple Cinema 30", Canon EOS 5D, HP LP3065, HTC Touch HD, iPhone, iPod Classic, MacBook, MacBook Air, Palm Treo Pro, Product 8, Samsung SyncMaster 941BW]
2023-12-19 10:12:253 INFO  HomePage :34 - List Of Products : [Apple Cinema 30", Canon EOS 5D, HP LP3065, HTC Touch HD, iPhone, iPod Classic, MacBook, MacBook Air, Palm Treo Pro, Product 8, Samsung SyncMaster 941BW, Sony VAIO]
2023-12-19 10:12:162 INFO  HomePage :41 - Select sort by Z to A: [[ChromeDriver: chrome on windows (04a9a77aca301ebfc8761b3060ea454e)] -> id: input-sort]
2023-12-19 10:12:37 INFO  HomePage :59 - List Of Product : [[ChromeDriver: chrome on windows (04a9a77aca301ebfc8761b3060ea454e)] -> xpath: //h4/a]
2023-12-19 10:12:92 INFO  HomePage :32 - Verify Product name : [[ChromeDriver: chrome on windows (04a9a77aca301ebfc8761b3060ea454e)] -> css selector: div[id='content'] h1]
2023-12-19 10:12:322 INFO  HomePage :39 - Enter Quantity : [[ChromeDriver: chrome on windows (04a9a77aca301ebfc8761b3060ea454e)] -> id: input-quantity]
2023-12-19 10:12:378 INFO  HomePage :44 - Click on Add TO cart : [[ChromeDriver: chrome on windows (04a9a77aca301ebfc8761b3060ea454e)] -> id: button-cart]
2023-12-19 10:12:38 INFO  HomePage :48 - Verify Success Message : [[ChromeDriver: chrome on windows (04a9a77aca301ebfc8761b3060ea454e)] -> css selector: .alert.alert-success.alert-dismissible]
2023-12-19 10:12:654 INFO  HomePage :53 - Click on Shopping cart : [[ChromeDriver: chrome on windows (04a9a77aca301ebfc8761b3060ea454e)] -> link text: shopping cart]
2023-12-19 10:12:671 INFO  AccountPage :29 - Shopping cart heading[[ChromeDriver: chrome on windows (04a9a77aca301ebfc8761b3060ea454e)] -> xpath: //h1[contains(text(),'Shopping Cart')]]
2023-12-19 10:12:696 INFO  AccountPage :33 - Product name : [[ChromeDriver: chrome on windows (04a9a77aca301ebfc8761b3060ea454e)] -> xpath: //div[@class = 'table-responsive']/table/tbody/tr/td[2]/a]
2023-12-19 10:12:724 INFO  AccountPage :37 - Model name: [[ChromeDriver: chrome on windows (04a9a77aca301ebfc8761b3060ea454e)] -> xpath: //div[@class = 'table-responsive']/table/tbody/tr/td[3]]
2023-12-19 10:12:853 INFO  HomePage :46 - click On Currency DropDown : [[ChromeDriver: chrome on windows (bfe22ae64aa11817e6f2ac89edb36d9b)] -> xpath: (//button[@class='btn btn-link dropdown-toggle'])[1]]
2023-12-19 10:12:869 INFO  HomePage :51 - Click On Pound Sterling : [[ChromeDriver: chrome on windows (bfe22ae64aa11817e6f2ac89edb36d9b)] -> name: GBP]
2023-12-19 10:12:07 INFO  HomePage :58 - Show All Desktop: [[ChromeDriver: chrome on windows (bfe22ae64aa11817e6f2ac89edb36d9b)] -> link text: Show AllDesktops]
2023-12-19 10:12:55 INFO  HomePage :34 - List Of Products : [Apple Cinema 30"]
2023-12-19 10:12:66 INFO  HomePage :34 - List Of Products : [Apple Cinema 30", Canon EOS 5D]
2023-12-19 10:12:73 INFO  HomePage :34 - List Of Products : [Apple Cinema 30", Canon EOS 5D, HP LP3065]
2023-12-19 10:12:82 INFO  HomePage :34 - List Of Products : [Apple Cinema 30", Canon EOS 5D, HP LP3065, HTC Touch HD]
2023-12-19 10:12:91 INFO  HomePage :34 - List Of Products : [Apple Cinema 30", Canon EOS 5D, HP LP3065, HTC Touch HD, iPhone]
2023-12-19 10:12:98 INFO  HomePage :34 - List Of Products : [Apple Cinema 30", Canon EOS 5D, HP LP3065, HTC Touch HD, iPhone, iPod Classic]
2023-12-19 10:12:108 INFO  HomePage :34 - List Of Products : [Apple Cinema 30", Canon EOS 5D, HP LP3065, HTC Touch HD, iPhone, iPod Classic, MacBook]
2023-12-19 10:12:117 INFO  HomePage :34 - List Of Products : [Apple Cinema 30", Canon EOS 5D, HP LP3065, HTC Touch HD, iPhone, iPod Classic, MacBook, MacBook Air]
2023-12-19 10:12:127 INFO  HomePage :34 - List Of Products : [Apple Cinema 30", Canon EOS 5D, HP LP3065, HTC Touch HD, iPhone, iPod Classic, MacBook, MacBook Air, Palm Treo Pro]
2023-12-19 10:12:136 INFO  HomePage :34 - List Of Products : [Apple Cinema 30", Canon EOS 5D, HP LP3065, HTC Touch HD, iPhone, iPod Classic, MacBook, MacBook Air, Palm Treo Pro, Product 8]
2023-12-19 10:12:142 INFO  HomePage :34 - List Of Products : [Apple Cinema 30", Canon EOS 5D, HP LP3065, HTC Touch HD, iPhone, iPod Classic, MacBook, MacBook Air, Palm Treo Pro, Product 8, Samsung SyncMaster 941BW]
2023-12-19 10:12:152 INFO  HomePage :34 - List Of Products : [Apple Cinema 30", Canon EOS 5D, HP LP3065, HTC Touch HD, iPhone, iPod Classic, MacBook, MacBook Air, Palm Treo Pro, Product 8, Samsung SyncMaster 941BW, Sony VAIO]
2023-12-19 10:12:683 INFO  HomePage :41 - Select sort by Z to A: [[ChromeDriver: chrome on windows (bfe22ae64aa11817e6f2ac89edb36d9b)] -> id: input-sort]
2023-12-19 10:12:463 INFO  HomePage :59 - List Of Product : [[ChromeDriver: chrome on windows (bfe22ae64aa11817e6f2ac89edb36d9b)] -> xpath: //h4/a]
2023-12-19 10:12:494 INFO  HomePage :32 - Verify Product name : [[ChromeDriver: chrome on windows (bfe22ae64aa11817e6f2ac89edb36d9b)] -> css selector: div[id='content'] h1]
2023-12-19 10:12:629 INFO  HomePage :39 - Enter Quantity : [[ChromeDriver: chrome on windows (bfe22ae64aa11817e6f2ac89edb36d9b)] -> id: input-quantity]
2023-12-19 10:12:690 INFO  HomePage :44 - Click on Add TO cart : [[ChromeDriver: chrome on windows (bfe22ae64aa11817e6f2ac89edb36d9b)] -> id: button-cart]
2023-12-19 10:12:312 INFO  HomePage :48 - Verify Success Message : [[ChromeDriver: chrome on windows (bfe22ae64aa11817e6f2ac89edb36d9b)] -> css selector: .alert.alert-success.alert-dismissible]
2023-12-19 10:12:987 INFO  HomePage :53 - Click on Shopping cart : [[ChromeDriver: chrome on windows (bfe22ae64aa11817e6f2ac89edb36d9b)] -> link text: shopping cart]
2023-12-19 10:12:05 INFO  AccountPage :29 - Shopping cart heading[[ChromeDriver: chrome on windows (bfe22ae64aa11817e6f2ac89edb36d9b)] -> xpath: //h1[contains(text(),'Shopping Cart')]]
2023-12-19 10:12:29 INFO  AccountPage :33 - Product name : [[ChromeDriver: chrome on windows (bfe22ae64aa11817e6f2ac89edb36d9b)] -> xpath: //div[@class = 'table-responsive']/table/tbody/tr/td[2]/a]
2023-12-19 10:12:57 INFO  AccountPage :37 - Model name: [[ChromeDriver: chrome on windows (bfe22ae64aa11817e6f2ac89edb36d9b)] -> xpath: //div[@class = 'table-responsive']/table/tbody/tr/td[3]]
2023-12-19 10:12:735 INFO  HomePage :46 - click On Currency DropDown : [[ChromeDriver: chrome on windows (5fdd77e3f825f0e4c58c0c52739269a1)] -> xpath: (//button[@class='btn btn-link dropdown-toggle'])[1]]
2023-12-19 10:12:751 INFO  HomePage :51 - Click On Pound Sterling : [[ChromeDriver: chrome on windows (5fdd77e3f825f0e4c58c0c52739269a1)] -> name: GBP]
2023-12-19 10:12:457 INFO  HomePage :58 - Show All Desktop: [[ChromeDriver: chrome on windows (5fdd77e3f825f0e4c58c0c52739269a1)] -> link text: Show AllDesktops]
2023-12-19 10:12:556 INFO  HomePage :34 - List Of Products : [Apple Cinema 30"]
2023-12-19 10:12:593 INFO  HomePage :34 - List Of Products : [Apple Cinema 30", Canon EOS 5D]
2023-12-19 10:12:632 INFO  HomePage :34 - List Of Products : [Apple Cinema 30", Canon EOS 5D, HP LP3065]
2023-12-19 10:12:671 INFO  HomePage :34 - List Of Products : [Apple Cinema 30", Canon EOS 5D, HP LP3065, HTC Touch HD]
2023-12-19 10:12:707 INFO  HomePage :34 - List Of Products : [Apple Cinema 30", Canon EOS 5D, HP LP3065, HTC Touch HD, iPhone]
2023-12-19 10:12:749 INFO  HomePage :34 - List Of Products : [Apple Cinema 30", Canon EOS 5D, HP LP3065, HTC Touch HD, iPhone, iPod Classic]
2023-12-19 10:12:784 INFO  HomePage :34 - List Of Products : [Apple Cinema 30", Canon EOS 5D, HP LP3065, HTC Touch HD, iPhone, iPod Classic, MacBook]
2023-12-19 10:12:819 INFO  HomePage :34 - List Of Products : [Apple Cinema 30", Canon EOS 5D, HP LP3065, HTC Touch HD, iPhone, iPod Classic, MacBook, MacBook Air]
2023-12-19 10:12:854 INFO  HomePage :34 - List Of Products : [Apple Cinema 30", Canon EOS 5D, HP LP3065, HTC Touch HD, iPhone, iPod Classic, MacBook, MacBook Air, Palm Treo Pro]
2023-12-19 10:12:888 INFO  HomePage :34 - List Of Products : [Apple Cinema 30", Canon EOS 5D, HP LP3065, HTC Touch HD, iPhone, iPod Classic, MacBook, MacBook Air, Palm Treo Pro, Product 8]
2023-12-19 10:12:925 INFO  HomePage :34 - List Of Products : [Apple Cinema 30", Canon EOS 5D, HP LP3065, HTC Touch HD, iPhone, iPod Classic, MacBook, MacBook Air, Palm Treo Pro, Product 8, Samsung SyncMaster 941BW]
2023-12-19 10:12:960 INFO  HomePage :34 - List Of Products : [Apple Cinema 30", Canon EOS 5D, HP LP3065, HTC Touch HD, iPhone, iPod Classic, MacBook, MacBook Air, Palm Treo Pro, Product 8, Samsung SyncMaster 941BW, Sony VAIO]
2023-12-19 10:12:789 INFO  HomePage :41 - Select sort by Z to A: [[ChromeDriver: chrome on windows (5fdd77e3f825f0e4c58c0c52739269a1)] -> id: input-sort]
2023-12-19 10:12:82 INFO  HomePage :59 - List Of Product : [[ChromeDriver: chrome on windows (5fdd77e3f825f0e4c58c0c52739269a1)] -> xpath: //h4/a]
2023-12-19 10:12:104 INFO  HomePage :32 - Verify Product name : [[ChromeDriver: chrome on windows (5fdd77e3f825f0e4c58c0c52739269a1)] -> css selector: div[id='content'] h1]
2023-12-19 10:12:256 INFO  HomePage :39 - Enter Quantity : [[ChromeDriver: chrome on windows (5fdd77e3f825f0e4c58c0c52739269a1)] -> id: input-quantity]
2023-12-19 10:12:319 INFO  HomePage :44 - Click on Add TO cart : [[ChromeDriver: chrome on windows (5fdd77e3f825f0e4c58c0c52739269a1)] -> id: button-cart]
2023-12-19 10:12:818 INFO  HomePage :48 - Verify Success Message : [[ChromeDriver: chrome on windows (5fdd77e3f825f0e4c58c0c52739269a1)] -> css selector: .alert.alert-success.alert-dismissible]
2023-12-19 10:12:876 INFO  HomePage :53 - Click on Shopping cart : [[ChromeDriver: chrome on windows (5fdd77e3f825f0e4c58c0c52739269a1)] -> link text: shopping cart]
2023-12-19 10:12:898 INFO  AccountPage :29 - Shopping cart heading[[ChromeDriver: chrome on windows (5fdd77e3f825f0e4c58c0c52739269a1)] -> xpath: //h1[contains(text(),'Shopping Cart')]]
2023-12-19 10:12:927 INFO  AccountPage :33 - Product name : [[ChromeDriver: chrome on windows (5fdd77e3f825f0e4c58c0c52739269a1)] -> xpath: //div[@class = 'table-responsive']/table/tbody/tr/td[2]/a]
2023-12-19 10:12:952 INFO  AccountPage :37 - Model name: [[ChromeDriver: chrome on windows (5fdd77e3f825f0e4c58c0c52739269a1)] -> xpath: //div[@class = 'table-responsive']/table/tbody/tr/td[3]]
2023-12-19 10:12:986 INFO  AccountPage :41 - Total Price: [[ChromeDriver: chrome on windows (5fdd77e3f825f0e4c58c0c52739269a1)] -> xpath: //div[@class = 'table-responsive']/table/tbody/tr/td[6]]
2023-12-19 10:12:898 INFO  HomePage :46 - click On Currency DropDown : [[ChromeDriver: chrome on windows (3410980dcd7964d8952cc8c65b97f288)] -> xpath: (//button[@class='btn btn-link dropdown-toggle'])[1]]
2023-12-19 10:12:926 INFO  HomePage :51 - Click On Pound Sterling : [[ChromeDriver: chrome on windows (3410980dcd7964d8952cc8c65b97f288)] -> name: GBP]
2023-12-19 10:12:715 INFO  HomePage :58 - Show All Desktop: [[ChromeDriver: chrome on windows (3410980dcd7964d8952cc8c65b97f288)] -> link text: Show AllDesktops]
2023-12-19 10:12:813 INFO  HomePage :34 - List Of Products : [Apple Cinema 30"]
2023-12-19 10:12:848 INFO  HomePage :34 - List Of Products : [Apple Cinema 30", Canon EOS 5D]
2023-12-19 10:12:889 INFO  HomePage :34 - List Of Products : [Apple Cinema 30", Canon EOS 5D, HP LP3065]
2023-12-19 10:12:925 INFO  HomePage :34 - List Of Products : [Apple Cinema 30", Canon EOS 5D, HP LP3065, HTC Touch HD]
2023-12-19 10:12:964 INFO  HomePage :34 - List Of Products : [Apple Cinema 30", Canon EOS 5D, HP LP3065, HTC Touch HD, iPhone]
2023-12-19 10:12:01 INFO  HomePage :34 - List Of Products : [Apple Cinema 30", Canon EOS 5D, HP LP3065, HTC Touch HD, iPhone, iPod Classic]
2023-12-19 10:12:33 INFO  HomePage :34 - List Of Products : [Apple Cinema 30", Canon EOS 5D, HP LP3065, HTC Touch HD, iPhone, iPod Classic, MacBook]
2023-12-19 10:12:67 INFO  HomePage :34 - List Of Products : [Apple Cinema 30", Canon EOS 5D, HP LP3065, HTC Touch HD, iPhone, iPod Classic, MacBook, MacBook Air]
2023-12-19 10:12:101 INFO  HomePage :34 - List Of Products : [Apple Cinema 30", Canon EOS 5D, HP LP3065, HTC Touch HD, iPhone, iPod Classic, MacBook, MacBook Air, Palm Treo Pro]
2023-12-19 10:12:136 INFO  HomePage :34 - List Of Products : [Apple Cinema 30", Canon EOS 5D, HP LP3065, HTC Touch HD, iPhone, iPod Classic, MacBook, MacBook Air, Palm Treo Pro, Product 8]
2023-12-19 10:12:171 INFO  HomePage :34 - List Of Products : [Apple Cinema 30", Canon EOS 5D, HP LP3065, HTC Touch HD, iPhone, iPod Classic, MacBook, MacBook Air, Palm Treo Pro, Product 8, Samsung SyncMaster 941BW]
2023-12-19 10:12:208 INFO  HomePage :34 - List Of Products : [Apple Cinema 30", Canon EOS 5D, HP LP3065, HTC Touch HD, iPhone, iPod Classic, MacBook, MacBook Air, Palm Treo Pro, Product 8, Samsung SyncMaster 941BW, Sony VAIO]
2023-12-19 10:12:904 INFO  HomePage :41 - Select sort by Z to A: [[ChromeDriver: chrome on windows (3410980dcd7964d8952cc8c65b97f288)] -> id: input-sort]
2023-12-19 10:12:929 INFO  HomePage :59 - List Of Product : [[ChromeDriver: chrome on windows (3410980dcd7964d8952cc8c65b97f288)] -> xpath: //h4/a]
2023-12-19 10:12:962 INFO  HomePage :32 - Verify Product name : [[ChromeDriver: chrome on windows (3410980dcd7964d8952cc8c65b97f288)] -> css selector: div[id='content'] h1]
2023-12-19 10:12:60 INFO  HomePage :39 - Enter Quantity : [[ChromeDriver: chrome on windows (3410980dcd7964d8952cc8c65b97f288)] -> id: input-quantity]
2023-12-19 10:12:117 INFO  HomePage :44 - Click on Add TO cart : [[ChromeDriver: chrome on windows (3410980dcd7964d8952cc8c65b97f288)] -> id: button-cart]
2023-12-19 10:12:557 INFO  HomePage :48 - Verify Success Message : [[ChromeDriver: chrome on windows (3410980dcd7964d8952cc8c65b97f288)] -> css selector: .alert.alert-success.alert-dismissible]
2023-12-19 10:12:314 INFO  HomePage :53 - Click on Shopping cart : [[ChromeDriver: chrome on windows (3410980dcd7964d8952cc8c65b97f288)] -> link text: shopping cart]
2023-12-19 10:12:355 INFO  AccountPage :29 - Shopping cart heading[[ChromeDriver: chrome on windows (3410980dcd7964d8952cc8c65b97f288)] -> xpath: //h1[contains(text(),'Shopping Cart')]]
2023-12-19 10:12:405 INFO  AccountPage :33 - Product name : [[ChromeDriver: chrome on windows (3410980dcd7964d8952cc8c65b97f288)] -> xpath: //div[@class = 'table-responsive']/table/tbody/tr/td[2]/a]
2023-12-19 10:12:442 INFO  AccountPage :37 - Model name: [[ChromeDriver: chrome on windows (3410980dcd7964d8952cc8c65b97f288)] -> xpath: //div[@class = 'table-responsive']/table/tbody/tr/td[3]]
2023-12-19 10:12:476 INFO  AccountPage :41 - Total Price: [[ChromeDriver: chrome on windows (3410980dcd7964d8952cc8c65b97f288)] -> xpath: //div[@class = 'table-responsive']/table/tbody/tr/td[6]]
2023-12-19 10:12:871 INFO  HomePage :46 - click On Currency DropDown : [[ChromeDriver: chrome on windows (794893388464ec94a3054b612709202a)] -> xpath: (//button[@class='btn btn-link dropdown-toggle'])[1]]
2023-12-19 10:12:885 INFO  HomePage :51 - Click On Pound Sterling : [[ChromeDriver: chrome on windows (794893388464ec94a3054b612709202a)] -> name: GBP]
2023-12-19 10:12:726 INFO  HomePage :58 - Show All Desktop: [[ChromeDriver: chrome on windows (794893388464ec94a3054b612709202a)] -> link text: Show AllDesktops]
2023-12-19 10:12:808 INFO  HomePage :34 - List Of Products : [Apple Cinema 30"]
2023-12-19 10:12:839 INFO  HomePage :34 - List Of Products : [Apple Cinema 30", Canon EOS 5D]
2023-12-19 10:12:871 INFO  HomePage :34 - List Of Products : [Apple Cinema 30", Canon EOS 5D, HP LP3065]
2023-12-19 10:12:902 INFO  HomePage :34 - List Of Products : [Apple Cinema 30", Canon EOS 5D, HP LP3065, HTC Touch HD]
2023-12-19 10:12:934 INFO  HomePage :34 - List Of Products : [Apple Cinema 30", Canon EOS 5D, HP LP3065, HTC Touch HD, iPhone]
2023-12-19 10:12:967 INFO  HomePage :34 - List Of Products : [Apple Cinema 30", Canon EOS 5D, HP LP3065, HTC Touch HD, iPhone, iPod Classic]
2023-12-19 10:12:00 INFO  HomePage :34 - List Of Products : [Apple Cinema 30", Canon EOS 5D, HP LP3065, HTC Touch HD, iPhone, iPod Classic, MacBook]
2023-12-19 10:12:31 INFO  HomePage :34 - List Of Products : [Apple Cinema 30", Canon EOS 5D, HP LP3065, HTC Touch HD, iPhone, iPod Classic, MacBook, MacBook Air]
2023-12-19 10:12:60 INFO  HomePage :34 - List Of Products : [Apple Cinema 30", Canon EOS 5D, HP LP3065, HTC Touch HD, iPhone, iPod Classic, MacBook, MacBook Air, Palm Treo Pro]
2023-12-19 10:12:89 INFO  HomePage :34 - List Of Products : [Apple Cinema 30", Canon EOS 5D, HP LP3065, HTC Touch HD, iPhone, iPod Classic, MacBook, MacBook Air, Palm Treo Pro, Product 8]
2023-12-19 10:12:119 INFO  HomePage :34 - List Of Products : [Apple Cinema 30", Canon EOS 5D, HP LP3065, HTC Touch HD, iPhone, iPod Classic, MacBook, MacBook Air, Palm Treo Pro, Product 8, Samsung SyncMaster 941BW]
2023-12-19 10:12:149 INFO  HomePage :34 - List Of Products : [Apple Cinema 30", Canon EOS 5D, HP LP3065, HTC Touch HD, iPhone, iPod Classic, MacBook, MacBook Air, Palm Treo Pro, Product 8, Samsung SyncMaster 941BW, Sony VAIO]
2023-12-19 10:12:977 INFO  HomePage :41 - Select sort by Z to A: [[ChromeDriver: chrome on windows (794893388464ec94a3054b612709202a)] -> id: input-sort]
2023-12-19 10:12:259 INFO  HomePage :59 - List Of Product : [[ChromeDriver: chrome on windows (794893388464ec94a3054b612709202a)] -> xpath: //h4/a]
2023-12-19 10:12:278 INFO  HomePage :32 - Verify Product name : [[ChromeDriver: chrome on windows (794893388464ec94a3054b612709202a)] -> css selector: div[id='content'] h1]
2023-12-19 10:12:392 INFO  HomePage :39 - Enter Quantity : [[ChromeDriver: chrome on windows (794893388464ec94a3054b612709202a)] -> id: input-quantity]
2023-12-19 10:12:443 INFO  HomePage :44 - Click on Add TO cart : [[ChromeDriver: chrome on windows (794893388464ec94a3054b612709202a)] -> id: button-cart]
2023-12-19 10:12:961 INFO  HomePage :48 - Verify Success Message : [[ChromeDriver: chrome on windows (794893388464ec94a3054b612709202a)] -> css selector: .alert.alert-success.alert-dismissible]
2023-12-19 10:12:633 INFO  HomePage :53 - Click on Shopping cart : [[ChromeDriver: chrome on windows (794893388464ec94a3054b612709202a)] -> link text: shopping cart]
2023-12-19 10:12:650 INFO  AccountPage :29 - Shopping cart heading[[ChromeDriver: chrome on windows (794893388464ec94a3054b612709202a)] -> xpath: //h1[contains(text(),'Shopping Cart')]]
2023-12-19 10:12:677 INFO  AccountPage :33 - Product name : [[ChromeDriver: chrome on windows (794893388464ec94a3054b612709202a)] -> xpath: //div[@class = 'table-responsive']/table/tbody/tr/td[2]/a]
2023-12-19 10:12:705 INFO  AccountPage :37 - Model name: [[ChromeDriver: chrome on windows (794893388464ec94a3054b612709202a)] -> xpath: //div[@class = 'table-responsive']/table/tbody/tr/td[3]]
2023-12-19 10:12:732 INFO  AccountPage :41 - Total Price: [[ChromeDriver: chrome on windows (794893388464ec94a3054b612709202a)] -> xpath: //div[@class = 'table-responsive']/table/tbody/tr/td[6]]
2023-12-19 10:12:757 INFO  HomePage :96 - Click on MyAccount : [[ChromeDriver: chrome on windows (ac00d5b052a671d0b3172389a3b8ce61)] -> xpath: //span[contains(text(),'My Account')]]
2023-12-19 10:12:999 INFO  HomePage :112 - Click on DropDown Account List : [[[ChromeDriver: chrome on windows (ac00d5b052a671d0b3172389a3b8ce61)] -> xpath: //li[@class='dropdown open']//ul/li], [[ChromeDriver: chrome on windows (ac00d5b052a671d0b3172389a3b8ce61)] -> xpath: //li[@class='dropdown open']//ul/li]]
2023-12-19 10:12:654 INFO  HomePage :63 - Verify text RegisterPAge Welcome Text: [[ChromeDriver: chrome on windows (ac00d5b052a671d0b3172389a3b8ce61)] -> xpath: //div[@id='content']/h1]
2023-12-19 10:12:92 INFO  HomePage :96 - Click on MyAccount : [[ChromeDriver: chrome on windows (ab60ef9b76e8699f7f189ee8a5e85877)] -> xpath: //span[contains(text(),'My Account')]]
2023-12-19 10:12:869 INFO  HomePage :112 - Click on DropDown Account List : [[[ChromeDriver: chrome on windows (ab60ef9b76e8699f7f189ee8a5e85877)] -> xpath: //li[@class='dropdown open']//ul/li], [[ChromeDriver: chrome on windows (ab60ef9b76e8699f7f189ee8a5e85877)] -> xpath: //li[@class='dropdown open']//ul/li]]
2023-12-19 10:12:933 INFO  HomePage :29 - Login Welcome Text: [[ChromeDriver: chrome on windows (ab60ef9b76e8699f7f189ee8a5e85877)] -> xpath: //h2[normalize-space()='Returning Customer']]
2023-12-19 10:12:558 INFO  HomePage :96 - Click on MyAccount : [[ChromeDriver: chrome on windows (2c4d5dced9a884a2625fc92fae80ba4e)] -> xpath: //span[contains(text(),'My Account')]]
2023-12-19 10:12:872 INFO  HomePage :112 - Click on DropDown Account List : [[[ChromeDriver: chrome on windows (2c4d5dced9a884a2625fc92fae80ba4e)] -> xpath: //li[@class='dropdown open']//ul/li], [[ChromeDriver: chrome on windows (2c4d5dced9a884a2625fc92fae80ba4e)] -> xpath: //li[@class='dropdown open']//ul/li]]
2023-12-19 10:12:592 INFO  HomePage :69 - Enter FirstName: [[ChromeDriver: chrome on windows (2c4d5dced9a884a2625fc92fae80ba4e)] -> name: firstname]
2023-12-19 10:12:667 INFO  HomePage :74 - Enter Lastname: [[ChromeDriver: chrome on windows (2c4d5dced9a884a2625fc92fae80ba4e)] -> name: lastname]
2023-12-19 10:12:734 INFO  HomePage :80 - Enter Email : [[ChromeDriver: chrome on windows (2c4d5dced9a884a2625fc92fae80ba4e)] -> name: email]
2023-12-19 10:12:805 INFO  HomePage :85 - Enter Telephone: [[ChromeDriver: chrome on windows (2c4d5dced9a884a2625fc92fae80ba4e)] -> name: telephone]
2023-12-19 10:12:874 INFO  HomePage :90 - Enter Password: [[ChromeDriver: chrome on windows (2c4d5dced9a884a2625fc92fae80ba4e)] -> name: password]
2023-12-19 10:12:935 INFO  HomePage :95 - Enter Confirm Password: [[ChromeDriver: chrome on windows (2c4d5dced9a884a2625fc92fae80ba4e)] -> name: confirm]
2023-12-19 10:12:996 INFO  HomePage :103 - select the field of subscribe: [[[ChromeDriver: chrome on windows (2c4d5dced9a884a2625fc92fae80ba4e)] -> xpath: //label[@class='radio-inline']], [[ChromeDriver: chrome on windows (2c4d5dced9a884a2625fc92fae80ba4e)] -> xpath: //label[@class='radio-inline']]]
2023-12-19 10:12:46 INFO  HomePage :111 - Click on Policy Checkbox [[ChromeDriver: chrome on windows (2c4d5dced9a884a2625fc92fae80ba4e)] -> name: agree]
2023-12-19 10:12:140 INFO  HomePage :116 - Click on Continue Button: [[ChromeDriver: chrome on windows (2c4d5dced9a884a2625fc92fae80ba4e)] -> xpath: //input[@value='Continue']]
2023-12-19 10:12:162 INFO  HomePage :119 - Verify text Register Success Message: [[ChromeDriver: chrome on windows (2c4d5dced9a884a2625fc92fae80ba4e)] -> xpath: //h1[normalize-space()='Your Account Has Been Created!']]
2023-12-19 10:12:880 INFO  HomePage :124 - click on Continue Button after Registration: [[ChromeDriver: chrome on windows (2c4d5dced9a884a2625fc92fae80ba4e)] -> link text: Continue]
2023-12-19 10:12:894 INFO  HomePage :96 - Click on MyAccount : [[ChromeDriver: chrome on windows (2c4d5dced9a884a2625fc92fae80ba4e)] -> xpath: //span[contains(text(),'My Account')]]
2023-12-19 10:12:756 INFO  HomePage :112 - Click on DropDown Account List : [[[ChromeDriver: chrome on windows (2c4d5dced9a884a2625fc92fae80ba4e)] -> xpath: //li[@class='dropdown open']//ul/li], [[ChromeDriver: chrome on windows (2c4d5dced9a884a2625fc92fae80ba4e)] -> xpath: //li[@class='dropdown open']//ul/li], [[ChromeDriver: chrome on windows (2c4d5dced9a884a2625fc92fae80ba4e)] -> xpath: //li[@class='dropdown open']//ul/li], [[ChromeDriver: chrome on windows (2c4d5dced9a884a2625fc92fae80ba4e)] -> xpath: //li[@class='dropdown open']//ul/li], [[ChromeDriver: chrome on windows (2c4d5dced9a884a2625fc92fae80ba4e)] -> xpath: //li[@class='dropdown open']//ul/li]]
2023-12-19 10:12:775 INFO  HomePage :121 - Verify text of logout Success message : [[ChromeDriver: chrome on windows (2c4d5dced9a884a2625fc92fae80ba4e)] -> xpath: //h1[contains(text(),'Account Logout')]]
2023-12-19 10:12:322 INFO  HomePage :124 - click on Continue Button after Registration: [[ChromeDriver: chrome on windows (2c4d5dced9a884a2625fc92fae80ba4e)] -> link text: Continue]
2023-12-19 10:12:924 INFO  HomePage :96 - Click on MyAccount : [[ChromeDriver: chrome on windows (416e62ab9f148c360a90d63621533bf8)] -> xpath: //span[contains(text(),'My Account')]]
2023-12-19 10:12:710 INFO  HomePage :112 - Click on DropDown Account List : [[[ChromeDriver: chrome on windows (416e62ab9f148c360a90d63621533bf8)] -> xpath: //li[@class='dropdown open']//ul/li], [[ChromeDriver: chrome on windows (416e62ab9f148c360a90d63621533bf8)] -> xpath: //li[@class='dropdown open']//ul/li]]
2023-12-19 10:12:828 INFO  HomePage :34 - Enter Email : [[ChromeDriver: chrome on windows (416e62ab9f148c360a90d63621533bf8)] -> name: email]
2023-12-19 10:12:913 INFO  HomePage :39 - CEnter Password : [[ChromeDriver: chrome on windows (416e62ab9f148c360a90d63621533bf8)] -> name: password]
2023-12-19 10:12:48 INFO  HomePage :45 - Clicking on login button : [[ChromeDriver: chrome on windows (416e62ab9f148c360a90d63621533bf8)] -> xpath: //input[@value='Login']]
2023-12-19 10:12:69 INFO  AccountPage :18 - account Welcome Text : [[ChromeDriver: chrome on windows (416e62ab9f148c360a90d63621533bf8)] -> xpath: //h2[normalize-space()='My Account']]
2023-12-19 10:12:89 INFO  HomePage :96 - Click on MyAccount : [[ChromeDriver: chrome on windows (416e62ab9f148c360a90d63621533bf8)] -> xpath: //span[contains(text(),'My Account')]]
2023-12-19 10:12:84 INFO  HomePage :112 - Click on DropDown Account List : [[[ChromeDriver: chrome on windows (416e62ab9f148c360a90d63621533bf8)] -> xpath: //li[@class='dropdown open']//ul/li], [[ChromeDriver: chrome on windows (416e62ab9f148c360a90d63621533bf8)] -> xpath: //li[@class='dropdown open']//ul/li], [[ChromeDriver: chrome on windows (416e62ab9f148c360a90d63621533bf8)] -> xpath: //li[@class='dropdown open']//ul/li], [[ChromeDriver: chrome on windows (416e62ab9f148c360a90d63621533bf8)] -> xpath: //li[@class='dropdown open']//ul/li], [[ChromeDriver: chrome on windows (416e62ab9f148c360a90d63621533bf8)] -> xpath: //li[@class='dropdown open']//ul/li]]
2023-12-19 10:12:133 INFO  HomePage :121 - Verify text of logout Success message : [[ChromeDriver: chrome on windows (416e62ab9f148c360a90d63621533bf8)] -> xpath: //h1[contains(text(),'Account Logout')]]
2023-12-19 10:12:967 INFO  HomePage :124 - click on Continue Button after Registration: [[ChromeDriver: chrome on windows (416e62ab9f148c360a90d63621533bf8)] -> link text: Continue]
2023-12-19 10:12:622 INFO  HomePage :58 - Show All Desktop: [[ChromeDriver: chrome on windows (4034541ada6092776b3f6dd08399129b)] -> link text: Show AllDesktops]
2023-12-19 10:12:653 INFO  HomePage :91 - Top menu Welcome Text: [[ChromeDriver: chrome on windows (4034541ada6092776b3f6dd08399129b)] -> tag name: h2]
2023-12-19 10:12:58 INFO  HomePage :62 - Show All Laptops and notebooks : [[ChromeDriver: chrome on windows (56b3c9c14cfd90e9e2f7c74dcb6ef64c)] -> link text: Show AllLaptops & Notebooks]
2023-12-19 10:12:92 INFO  HomePage :91 - Top menu Welcome Text: [[ChromeDriver: chrome on windows (56b3c9c14cfd90e9e2f7c74dcb6ef64c)] -> tag name: h2]
2023-12-19 10:12:345 INFO  HomePage :66 - Show All Components : [[ChromeDriver: chrome on windows (4488c71b210aa5f703a5f0d69f0e30f2)] -> link text: Show AllComponents]
2023-12-19 10:12:402 INFO  HomePage :91 - Top menu Welcome Text: [[ChromeDriver: chrome on windows (4488c71b210aa5f703a5f0d69f0e30f2)] -> tag name: h2]
2023-12-19 12:12:124 INFO  HomePage :28 - List of product:[[[ChromeDriver: chrome on windows (39daa0d046acf6fb8b9d6ae746532e63)] -> xpath: //p[@class ='price']], [[ChromeDriver: chrome on windows (39daa0d046acf6fb8b9d6ae746532e63)] -> xpath: //p[@class ='price']], [[ChromeDriver: chrome on windows (39daa0d046acf6fb8b9d6ae746532e63)] -> xpath: //p[@class ='price']], [[ChromeDriver: chrome on windows (39daa0d046acf6fb8b9d6ae746532e63)] -> xpath: //p[@class ='price']], [[ChromeDriver: chrome on windows (39daa0d046acf6fb8b9d6ae746532e63)] -> xpath: //p[@class ='price']]]
2023-12-19 12:12:139 INFO  HomePage :28 - List of product:[[[ChromeDriver: chrome on windows (39daa0d046acf6fb8b9d6ae746532e63)] -> xpath: //p[@class ='price']], [[ChromeDriver: chrome on windows (39daa0d046acf6fb8b9d6ae746532e63)] -> xpath: //p[@class ='price']], [[ChromeDriver: chrome on windows (39daa0d046acf6fb8b9d6ae746532e63)] -> xpath: //p[@class ='price']], [[ChromeDriver: chrome on windows (39daa0d046acf6fb8b9d6ae746532e63)] -> xpath: //p[@class ='price']], [[ChromeDriver: chrome on windows (39daa0d046acf6fb8b9d6ae746532e63)] -> xpath: //p[@class ='price']]]
2023-12-19 12:12:151 INFO  HomePage :28 - List of product:[[[ChromeDriver: chrome on windows (39daa0d046acf6fb8b9d6ae746532e63)] -> xpath: //p[@class ='price']], [[ChromeDriver: chrome on windows (39daa0d046acf6fb8b9d6ae746532e63)] -> xpath: //p[@class ='price']], [[ChromeDriver: chrome on windows (39daa0d046acf6fb8b9d6ae746532e63)] -> xpath: //p[@class ='price']], [[ChromeDriver: chrome on windows (39daa0d046acf6fb8b9d6ae746532e63)] -> xpath: //p[@class ='price']], [[ChromeDriver: chrome on windows (39daa0d046acf6fb8b9d6ae746532e63)] -> xpath: //p[@class ='price']]]
2023-12-19 12:12:165 INFO  HomePage :28 - List of product:[[[ChromeDriver: chrome on windows (39daa0d046acf6fb8b9d6ae746532e63)] -> xpath: //p[@class ='price']], [[ChromeDriver: chrome on windows (39daa0d046acf6fb8b9d6ae746532e63)] -> xpath: //p[@class ='price']], [[ChromeDriver: chrome on windows (39daa0d046acf6fb8b9d6ae746532e63)] -> xpath: //p[@class ='price']], [[ChromeDriver: chrome on windows (39daa0d046acf6fb8b9d6ae746532e63)] -> xpath: //p[@class ='price']], [[ChromeDriver: chrome on windows (39daa0d046acf6fb8b9d6ae746532e63)] -> xpath: //p[@class ='price']]]
2023-12-19 12:12:177 INFO  HomePage :28 - List of product:[[[ChromeDriver: chrome on windows (39daa0d046acf6fb8b9d6ae746532e63)] -> xpath: //p[@class ='price']], [[ChromeDriver: chrome on windows (39daa0d046acf6fb8b9d6ae746532e63)] -> xpath: //p[@class ='price']], [[ChromeDriver: chrome on windows (39daa0d046acf6fb8b9d6ae746532e63)] -> xpath: //p[@class ='price']], [[ChromeDriver: chrome on windows (39daa0d046acf6fb8b9d6ae746532e63)] -> xpath: //p[@class ='price']], [[ChromeDriver: chrome on windows (39daa0d046acf6fb8b9d6ae746532e63)] -> xpath: //p[@class ='price']]]
2023-12-19 12:12:194 INFO  HomePage :33 - sorting High to low[[ChromeDriver: chrome on windows (39daa0d046acf6fb8b9d6ae746532e63)] -> id: input-sort]
2023-12-19 12:12:714 INFO  HomePage :28 - List of product:[[[ChromeDriver: chrome on windows (39daa0d046acf6fb8b9d6ae746532e63)] -> xpath: //p[@class ='price']], [[ChromeDriver: chrome on windows (39daa0d046acf6fb8b9d6ae746532e63)] -> xpath: //p[@class ='price']], [[ChromeDriver: chrome on windows (39daa0d046acf6fb8b9d6ae746532e63)] -> xpath: //p[@class ='price']], [[ChromeDriver: chrome on windows (39daa0d046acf6fb8b9d6ae746532e63)] -> xpath: //p[@class ='price']], [[ChromeDriver: chrome on windows (39daa0d046acf6fb8b9d6ae746532e63)] -> xpath: //p[@class ='price']]]
2023-12-19 12:12:731 INFO  HomePage :28 - List of product:[[[ChromeDriver: chrome on windows (39daa0d046acf6fb8b9d6ae746532e63)] -> xpath: //p[@class ='price']], [[ChromeDriver: chrome on windows (39daa0d046acf6fb8b9d6ae746532e63)] -> xpath: //p[@class ='price']], [[ChromeDriver: chrome on windows (39daa0d046acf6fb8b9d6ae746532e63)] -> xpath: //p[@class ='price']], [[ChromeDriver: chrome on windows (39daa0d046acf6fb8b9d6ae746532e63)] -> xpath: //p[@class ='price']], [[ChromeDriver: chrome on windows (39daa0d046acf6fb8b9d6ae746532e63)] -> xpath: //p[@class ='price']]]
2023-12-19 12:12:745 INFO  HomePage :28 - List of product:[[[ChromeDriver: chrome on windows (39daa0d046acf6fb8b9d6ae746532e63)] -> xpath: //p[@class ='price']], [[ChromeDriver: chrome on windows (39daa0d046acf6fb8b9d6ae746532e63)] -> xpath: //p[@class ='price']], [[ChromeDriver: chrome on windows (39daa0d046acf6fb8b9d6ae746532e63)] -> xpath: //p[@class ='price']], [[ChromeDriver: chrome on windows (39daa0d046acf6fb8b9d6ae746532e63)] -> xpath: //p[@class ='price']], [[ChromeDriver: chrome on windows (39daa0d046acf6fb8b9d6ae746532e63)] -> xpath: //p[@class ='price']]]
2023-12-19 12:12:760 INFO  HomePage :28 - List of product:[[[ChromeDriver: chrome on windows (39daa0d046acf6fb8b9d6ae746532e63)] -> xpath: //p[@class ='price']], [[ChromeDriver: chrome on windows (39daa0d046acf6fb8b9d6ae746532e63)] -> xpath: //p[@class ='price']], [[ChromeDriver: chrome on windows (39daa0d046acf6fb8b9d6ae746532e63)] -> xpath: //p[@class ='price']], [[ChromeDriver: chrome on windows (39daa0d046acf6fb8b9d6ae746532e63)] -> xpath: //p[@class ='price']], [[ChromeDriver: chrome on windows (39daa0d046acf6fb8b9d6ae746532e63)] -> xpath: //p[@class ='price']]]
2023-12-19 12:12:772 INFO  HomePage :28 - List of product:[[[ChromeDriver: chrome on windows (39daa0d046acf6fb8b9d6ae746532e63)] -> xpath: //p[@class ='price']], [[ChromeDriver: chrome on windows (39daa0d046acf6fb8b9d6ae746532e63)] -> xpath: //p[@class ='price']], [[ChromeDriver: chrome on windows (39daa0d046acf6fb8b9d6ae746532e63)] -> xpath: //p[@class ='price']], [[ChromeDriver: chrome on windows (39daa0d046acf6fb8b9d6ae746532e63)] -> xpath: //p[@class ='price']], [[ChromeDriver: chrome on windows (39daa0d046acf6fb8b9d6ae746532e63)] -> xpath: //p[@class ='price']]]
2023-12-19 12:12:916 INFO  HomePage :86 - Click on MyAccount : [[ChromeDriver: chrome on windows (322f473c42de2e6fff45d973b2851144)] -> xpath: //span[contains(text(),'My Account')]]
2023-12-19 12:12:920 INFO  HomePage :99 - Click on DropDown Account List : [[[ChromeDriver: chrome on windows (322f473c42de2e6fff45d973b2851144)] -> xpath: //li[@class='dropdown open']//ul/li], [[ChromeDriver: chrome on windows (322f473c42de2e6fff45d973b2851144)] -> xpath: //li[@class='dropdown open']//ul/li]]
2023-12-19 12:12:488 INFO  HomePage :63 - Verify text RegisterPAge Welcome Text: [[ChromeDriver: chrome on windows (322f473c42de2e6fff45d973b2851144)] -> xpath: //div[@id='content']/h1]
2023-12-19 12:12:956 INFO  HomePage :86 - Click on MyAccount : [[ChromeDriver: chrome on windows (4145f59ac91279aab4155ce4f0906ffd)] -> xpath: //span[contains(text(),'My Account')]]
2023-12-19 12:12:442 INFO  HomePage :99 - Click on DropDown Account List : [[[ChromeDriver: chrome on windows (4145f59ac91279aab4155ce4f0906ffd)] -> xpath: //li[@class='dropdown open']//ul/li], [[ChromeDriver: chrome on windows (4145f59ac91279aab4155ce4f0906ffd)] -> xpath: //li[@class='dropdown open']//ul/li]]
2023-12-19 12:12:462 INFO  HomePage :29 - Login Welcome Text: [[ChromeDriver: chrome on windows (4145f59ac91279aab4155ce4f0906ffd)] -> xpath: //h2[normalize-space()='Returning Customer']]
2023-12-19 12:12:548 INFO  HomePage :86 - Click on MyAccount : [[ChromeDriver: chrome on windows (9a53f9678a75e94a3a70e7e129bbadfd)] -> xpath: //span[contains(text(),'My Account')]]
2023-12-19 12:12:711 INFO  HomePage :99 - Click on DropDown Account List : [[[ChromeDriver: chrome on windows (9a53f9678a75e94a3a70e7e129bbadfd)] -> xpath: //li[@class='dropdown open']//ul/li], [[ChromeDriver: chrome on windows (9a53f9678a75e94a3a70e7e129bbadfd)] -> xpath: //li[@class='dropdown open']//ul/li]]
2023-12-19 12:12:351 INFO  HomePage :69 - Enter FirstName: [[ChromeDriver: chrome on windows (9a53f9678a75e94a3a70e7e129bbadfd)] -> name: firstname]
2023-12-19 12:12:424 INFO  HomePage :74 - Enter Lastname: [[ChromeDriver: chrome on windows (9a53f9678a75e94a3a70e7e129bbadfd)] -> name: lastname]
2023-12-19 12:12:516 INFO  HomePage :80 - Enter Email : [[ChromeDriver: chrome on windows (9a53f9678a75e94a3a70e7e129bbadfd)] -> name: email]
2023-12-19 12:12:596 INFO  HomePage :85 - Enter Telephone: [[ChromeDriver: chrome on windows (9a53f9678a75e94a3a70e7e129bbadfd)] -> name: telephone]
2023-12-19 12:12:679 INFO  HomePage :90 - Enter Password: [[ChromeDriver: chrome on windows (9a53f9678a75e94a3a70e7e129bbadfd)] -> name: password]
2023-12-19 12:12:767 INFO  HomePage :95 - Enter Confirm Password: [[ChromeDriver: chrome on windows (9a53f9678a75e94a3a70e7e129bbadfd)] -> name: confirm]
2023-12-19 12:12:869 INFO  HomePage :103 - select the field of subscribe: [[[ChromeDriver: chrome on windows (9a53f9678a75e94a3a70e7e129bbadfd)] -> xpath: //label[@class='radio-inline']], [[ChromeDriver: chrome on windows (9a53f9678a75e94a3a70e7e129bbadfd)] -> xpath: //label[@class='radio-inline']]]
2023-12-19 12:12:939 INFO  HomePage :111 - Click on Policy Checkbox [[ChromeDriver: chrome on windows (9a53f9678a75e94a3a70e7e129bbadfd)] -> name: agree]
2023-12-19 12:12:749 INFO  HomePage :116 - Click on Continue Button: [[ChromeDriver: chrome on windows (9a53f9678a75e94a3a70e7e129bbadfd)] -> xpath: //input[@value='Continue']]
2023-12-19 12:12:778 INFO  HomePage :119 - Verify text Register Success Message: [[ChromeDriver: chrome on windows (9a53f9678a75e94a3a70e7e129bbadfd)] -> xpath: //h1[normalize-space()='Your Account Has Been Created!']]
2023-12-19 12:12:464 INFO  HomePage :124 - click on Continue Button after Registration: [[ChromeDriver: chrome on windows (9a53f9678a75e94a3a70e7e129bbadfd)] -> link text: Continue]
2023-12-19 12:12:483 INFO  HomePage :86 - Click on MyAccount : [[ChromeDriver: chrome on windows (9a53f9678a75e94a3a70e7e129bbadfd)] -> xpath: //span[contains(text(),'My Account')]]
2023-12-19 12:12:275 INFO  HomePage :99 - Click on DropDown Account List : [[[ChromeDriver: chrome on windows (9a53f9678a75e94a3a70e7e129bbadfd)] -> xpath: //li[@class='dropdown open']//ul/li], [[ChromeDriver: chrome on windows (9a53f9678a75e94a3a70e7e129bbadfd)] -> xpath: //li[@class='dropdown open']//ul/li], [[ChromeDriver: chrome on windows (9a53f9678a75e94a3a70e7e129bbadfd)] -> xpath: //li[@class='dropdown open']//ul/li], [[ChromeDriver: chrome on windows (9a53f9678a75e94a3a70e7e129bbadfd)] -> xpath: //li[@class='dropdown open']//ul/li], [[ChromeDriver: chrome on windows (9a53f9678a75e94a3a70e7e129bbadfd)] -> xpath: //li[@class='dropdown open']//ul/li]]
2023-12-19 12:12:299 INFO  HomePage :108 - Verify text of logout Success message : [[ChromeDriver: chrome on windows (9a53f9678a75e94a3a70e7e129bbadfd)] -> xpath: //h1[contains(text(),'Account Logout')]]
2023-12-19 12:12:754 INFO  HomePage :124 - click on Continue Button after Registration: [[ChromeDriver: chrome on windows (9a53f9678a75e94a3a70e7e129bbadfd)] -> link text: Continue]
2023-12-19 12:12:646 INFO  HomePage :86 - Click on MyAccount : [[ChromeDriver: chrome on windows (4f3a70c96ec143325b09b5def3e84cc5)] -> xpath: //span[contains(text(),'My Account')]]
2023-12-19 12:12:161 INFO  HomePage :99 - Click on DropDown Account List : [[[ChromeDriver: chrome on windows (4f3a70c96ec143325b09b5def3e84cc5)] -> xpath: //li[@class='dropdown open']//ul/li], [[ChromeDriver: chrome on windows (4f3a70c96ec143325b09b5def3e84cc5)] -> xpath: //li[@class='dropdown open']//ul/li]]
2023-12-19 12:12:290 INFO  HomePage :34 - Enter Email : [[ChromeDriver: chrome on windows (4f3a70c96ec143325b09b5def3e84cc5)] -> name: email]
2023-12-19 12:12:382 INFO  HomePage :39 - CEnter Password : [[ChromeDriver: chrome on windows (4f3a70c96ec143325b09b5def3e84cc5)] -> name: password]
2023-12-19 12:12:139 INFO  HomePage :45 - Clicking on login button : [[ChromeDriver: chrome on windows (4f3a70c96ec143325b09b5def3e84cc5)] -> xpath: //input[@value='Login']]
2023-12-19 12:12:167 INFO  AccountPage :18 - account Welcome Text : [[ChromeDriver: chrome on windows (4f3a70c96ec143325b09b5def3e84cc5)] -> xpath: //h2[normalize-space()='My Account']]
2023-12-19 12:12:192 INFO  HomePage :86 - Click on MyAccount : [[ChromeDriver: chrome on windows (4f3a70c96ec143325b09b5def3e84cc5)] -> xpath: //span[contains(text(),'My Account')]]
2023-12-19 12:12:937 INFO  HomePage :99 - Click on DropDown Account List : [[[ChromeDriver: chrome on windows (4f3a70c96ec143325b09b5def3e84cc5)] -> xpath: //li[@class='dropdown open']//ul/li], [[ChromeDriver: chrome on windows (4f3a70c96ec143325b09b5def3e84cc5)] -> xpath: //li[@class='dropdown open']//ul/li], [[ChromeDriver: chrome on windows (4f3a70c96ec143325b09b5def3e84cc5)] -> xpath: //li[@class='dropdown open']//ul/li], [[ChromeDriver: chrome on windows (4f3a70c96ec143325b09b5def3e84cc5)] -> xpath: //li[@class='dropdown open']//ul/li], [[ChromeDriver: chrome on windows (4f3a70c96ec143325b09b5def3e84cc5)] -> xpath: //li[@class='dropdown open']//ul/li]]
2023-12-19 12:12:966 INFO  HomePage :108 - Verify text of logout Success message : [[ChromeDriver: chrome on windows (4f3a70c96ec143325b09b5def3e84cc5)] -> xpath: //h1[contains(text(),'Account Logout')]]
2023-12-19 12:12:417 INFO  HomePage :124 - click on Continue Button after Registration: [[ChromeDriver: chrome on windows (4f3a70c96ec143325b09b5def3e84cc5)] -> link text: Continue]
2023-12-19 12:12:132 INFO  HomePage :28 - List of product:[[[ChromeDriver: chrome on windows (8e0c2d72a8755d407bf7cbd308573f61)] -> xpath: //p[@class ='price']], [[ChromeDriver: chrome on windows (8e0c2d72a8755d407bf7cbd308573f61)] -> xpath: //p[@class ='price']], [[ChromeDriver: chrome on windows (8e0c2d72a8755d407bf7cbd308573f61)] -> xpath: //p[@class ='price']], [[ChromeDriver: chrome on windows (8e0c2d72a8755d407bf7cbd308573f61)] -> xpath: //p[@class ='price']], [[ChromeDriver: chrome on windows (8e0c2d72a8755d407bf7cbd308573f61)] -> xpath: //p[@class ='price']]]
2023-12-19 12:12:149 INFO  HomePage :28 - List of product:[[[ChromeDriver: chrome on windows (8e0c2d72a8755d407bf7cbd308573f61)] -> xpath: //p[@class ='price']], [[ChromeDriver: chrome on windows (8e0c2d72a8755d407bf7cbd308573f61)] -> xpath: //p[@class ='price']], [[ChromeDriver: chrome on windows (8e0c2d72a8755d407bf7cbd308573f61)] -> xpath: //p[@class ='price']], [[ChromeDriver: chrome on windows (8e0c2d72a8755d407bf7cbd308573f61)] -> xpath: //p[@class ='price']], [[ChromeDriver: chrome on windows (8e0c2d72a8755d407bf7cbd308573f61)] -> xpath: //p[@class ='price']]]
2023-12-19 12:12:149 INFO  HomePage :28 - List of product:[[[ChromeDriver: chrome on windows (8e0c2d72a8755d407bf7cbd308573f61)] -> xpath: //p[@class ='price']], [[ChromeDriver: chrome on windows (8e0c2d72a8755d407bf7cbd308573f61)] -> xpath: //p[@class ='price']], [[ChromeDriver: chrome on windows (8e0c2d72a8755d407bf7cbd308573f61)] -> xpath: //p[@class ='price']], [[ChromeDriver: chrome on windows (8e0c2d72a8755d407bf7cbd308573f61)] -> xpath: //p[@class ='price']], [[ChromeDriver: chrome on windows (8e0c2d72a8755d407bf7cbd308573f61)] -> xpath: //p[@class ='price']]]
2023-12-19 12:12:166 INFO  HomePage :28 - List of product:[[[ChromeDriver: chrome on windows (8e0c2d72a8755d407bf7cbd308573f61)] -> xpath: //p[@class ='price']], [[ChromeDriver: chrome on windows (8e0c2d72a8755d407bf7cbd308573f61)] -> xpath: //p[@class ='price']], [[ChromeDriver: chrome on windows (8e0c2d72a8755d407bf7cbd308573f61)] -> xpath: //p[@class ='price']], [[ChromeDriver: chrome on windows (8e0c2d72a8755d407bf7cbd308573f61)] -> xpath: //p[@class ='price']], [[ChromeDriver: chrome on windows (8e0c2d72a8755d407bf7cbd308573f61)] -> xpath: //p[@class ='price']]]
2023-12-19 12:12:183 INFO  HomePage :28 - List of product:[[[ChromeDriver: chrome on windows (8e0c2d72a8755d407bf7cbd308573f61)] -> xpath: //p[@class ='price']], [[ChromeDriver: chrome on windows (8e0c2d72a8755d407bf7cbd308573f61)] -> xpath: //p[@class ='price']], [[ChromeDriver: chrome on windows (8e0c2d72a8755d407bf7cbd308573f61)] -> xpath: //p[@class ='price']], [[ChromeDriver: chrome on windows (8e0c2d72a8755d407bf7cbd308573f61)] -> xpath: //p[@class ='price']], [[ChromeDriver: chrome on windows (8e0c2d72a8755d407bf7cbd308573f61)] -> xpath: //p[@class ='price']]]
2023-12-19 12:12:196 INFO  HomePage :33 - sorting High to low[[ChromeDriver: chrome on windows (8e0c2d72a8755d407bf7cbd308573f61)] -> id: input-sort]
2023-12-19 12:12:701 INFO  HomePage :28 - List of product:[[[ChromeDriver: chrome on windows (8e0c2d72a8755d407bf7cbd308573f61)] -> xpath: //p[@class ='price']], [[ChromeDriver: chrome on windows (8e0c2d72a8755d407bf7cbd308573f61)] -> xpath: //p[@class ='price']], [[ChromeDriver: chrome on windows (8e0c2d72a8755d407bf7cbd308573f61)] -> xpath: //p[@class ='price']], [[ChromeDriver: chrome on windows (8e0c2d72a8755d407bf7cbd308573f61)] -> xpath: //p[@class ='price']], [[ChromeDriver: chrome on windows (8e0c2d72a8755d407bf7cbd308573f61)] -> xpath: //p[@class ='price']]]
2023-12-19 12:12:713 INFO  HomePage :28 - List of product:[[[ChromeDriver: chrome on windows (8e0c2d72a8755d407bf7cbd308573f61)] -> xpath: //p[@class ='price']], [[ChromeDriver: chrome on windows (8e0c2d72a8755d407bf7cbd308573f61)] -> xpath: //p[@class ='price']], [[ChromeDriver: chrome on windows (8e0c2d72a8755d407bf7cbd308573f61)] -> xpath: //p[@class ='price']], [[ChromeDriver: chrome on windows (8e0c2d72a8755d407bf7cbd308573f61)] -> xpath: //p[@class ='price']], [[ChromeDriver: chrome on windows (8e0c2d72a8755d407bf7cbd308573f61)] -> xpath: //p[@class ='price']]]
2023-12-19 12:12:716 INFO  HomePage :28 - List of product:[[[ChromeDriver: chrome on windows (8e0c2d72a8755d407bf7cbd308573f61)] -> xpath: //p[@class ='price']], [[ChromeDriver: chrome on windows (8e0c2d72a8755d407bf7cbd308573f61)] -> xpath: //p[@class ='price']], [[ChromeDriver: chrome on windows (8e0c2d72a8755d407bf7cbd308573f61)] -> xpath: //p[@class ='price']], [[ChromeDriver: chrome on windows (8e0c2d72a8755d407bf7cbd308573f61)] -> xpath: //p[@class ='price']], [[ChromeDriver: chrome on windows (8e0c2d72a8755d407bf7cbd308573f61)] -> xpath: //p[@class ='price']]]
2023-12-19 12:12:736 INFO  HomePage :28 - List of product:[[[ChromeDriver: chrome on windows (8e0c2d72a8755d407bf7cbd308573f61)] -> xpath: //p[@class ='price']], [[ChromeDriver: chrome on windows (8e0c2d72a8755d407bf7cbd308573f61)] -> xpath: //p[@class ='price']], [[ChromeDriver: chrome on windows (8e0c2d72a8755d407bf7cbd308573f61)] -> xpath: //p[@class ='price']], [[ChromeDriver: chrome on windows (8e0c2d72a8755d407bf7cbd308573f61)] -> xpath: //p[@class ='price']], [[ChromeDriver: chrome on windows (8e0c2d72a8755d407bf7cbd308573f61)] -> xpath: //p[@class ='price']]]
2023-12-19 12:12:745 INFO  HomePage :28 - List of product:[[[ChromeDriver: chrome on windows (8e0c2d72a8755d407bf7cbd308573f61)] -> xpath: //p[@class ='price']], [[ChromeDriver: chrome on windows (8e0c2d72a8755d407bf7cbd308573f61)] -> xpath: //p[@class ='price']], [[ChromeDriver: chrome on windows (8e0c2d72a8755d407bf7cbd308573f61)] -> xpath: //p[@class ='price']], [[ChromeDriver: chrome on windows (8e0c2d72a8755d407bf7cbd308573f61)] -> xpath: //p[@class ='price']], [[ChromeDriver: chrome on windows (8e0c2d72a8755d407bf7cbd308573f61)] -> xpath: //p[@class ='price']]]
2023-12-19 12:12:394 INFO  HomePage :32 - List of ProductList: [[[ChromeDriver: chrome on windows (d06a630bf6d052180b58bedf43c2d0ac)] -> xpath: //h4/a], [[ChromeDriver: chrome on windows (d06a630bf6d052180b58bedf43c2d0ac)] -> xpath: //h4/a], [[ChromeDriver: chrome on windows (d06a630bf6d052180b58bedf43c2d0ac)] -> xpath: //h4/a], [[ChromeDriver: chrome on windows (d06a630bf6d052180b58bedf43c2d0ac)] -> xpath: //h4/a], [[ChromeDriver: chrome on windows (d06a630bf6d052180b58bedf43c2d0ac)] -> xpath: //h4/a], [[ChromeDriver: chrome on windows (d06a630bf6d052180b58bedf43c2d0ac)] -> xpath: //h4/a], [[ChromeDriver: chrome on windows (d06a630bf6d052180b58bedf43c2d0ac)] -> xpath: //h4/a], [[ChromeDriver: chrome on windows (d06a630bf6d052180b58bedf43c2d0ac)] -> xpath: //h4/a], [[ChromeDriver: chrome on windows (d06a630bf6d052180b58bedf43c2d0ac)] -> xpath: //h4/a], [[ChromeDriver: chrome on windows (d06a630bf6d052180b58bedf43c2d0ac)] -> xpath: //h4/a], [[ChromeDriver: chrome on windows (d06a630bf6d052180b58bedf43c2d0ac)] -> xpath: //h4/a], [[ChromeDriver: chrome on windows (d06a630bf6d052180b58bedf43c2d0ac)] -> xpath: //h4/a]]
2023-12-19 12:12:397 INFO  HomePage :32 - List of ProductList: [[[ChromeDriver: chrome on windows (d06a630bf6d052180b58bedf43c2d0ac)] -> xpath: //h4/a], [[ChromeDriver: chrome on windows (d06a630bf6d052180b58bedf43c2d0ac)] -> xpath: //h4/a], [[ChromeDriver: chrome on windows (d06a630bf6d052180b58bedf43c2d0ac)] -> xpath: //h4/a], [[ChromeDriver: chrome on windows (d06a630bf6d052180b58bedf43c2d0ac)] -> xpath: //h4/a], [[ChromeDriver: chrome on windows (d06a630bf6d052180b58bedf43c2d0ac)] -> xpath: //h4/a], [[ChromeDriver: chrome on windows (d06a630bf6d052180b58bedf43c2d0ac)] -> xpath: //h4/a], [[ChromeDriver: chrome on windows (d06a630bf6d052180b58bedf43c2d0ac)] -> xpath: //h4/a], [[ChromeDriver: chrome on windows (d06a630bf6d052180b58bedf43c2d0ac)] -> xpath: //h4/a], [[ChromeDriver: chrome on windows (d06a630bf6d052180b58bedf43c2d0ac)] -> xpath: //h4/a], [[ChromeDriver: chrome on windows (d06a630bf6d052180b58bedf43c2d0ac)] -> xpath: //h4/a], [[ChromeDriver: chrome on windows (d06a630bf6d052180b58bedf43c2d0ac)] -> xpath: //h4/a], [[ChromeDriver: chrome on windows (d06a630bf6d052180b58bedf43c2d0ac)] -> xpath: //h4/a]]
2023-12-19 12:12:414 INFO  HomePage :32 - List of ProductList: [[[ChromeDriver: chrome on windows (d06a630bf6d052180b58bedf43c2d0ac)] -> xpath: //h4/a], [[ChromeDriver: chrome on windows (d06a630bf6d052180b58bedf43c2d0ac)] -> xpath: //h4/a], [[ChromeDriver: chrome on windows (d06a630bf6d052180b58bedf43c2d0ac)] -> xpath: //h4/a], [[ChromeDriver: chrome on windows (d06a630bf6d052180b58bedf43c2d0ac)] -> xpath: //h4/a], [[ChromeDriver: chrome on windows (d06a630bf6d052180b58bedf43c2d0ac)] -> xpath: //h4/a], [[ChromeDriver: chrome on windows (d06a630bf6d052180b58bedf43c2d0ac)] -> xpath: //h4/a], [[ChromeDriver: chrome on windows (d06a630bf6d052180b58bedf43c2d0ac)] -> xpath: //h4/a], [[ChromeDriver: chrome on windows (d06a630bf6d052180b58bedf43c2d0ac)] -> xpath: //h4/a], [[ChromeDriver: chrome on windows (d06a630bf6d052180b58bedf43c2d0ac)] -> xpath: //h4/a], [[ChromeDriver: chrome on windows (d06a630bf6d052180b58bedf43c2d0ac)] -> xpath: //h4/a], [[ChromeDriver: chrome on windows (d06a630bf6d052180b58bedf43c2d0ac)] -> xpath: //h4/a], [[ChromeDriver: chrome on windows (d06a630bf6d052180b58bedf43c2d0ac)] -> xpath: //h4/a]]
2023-12-19 12:12:423 INFO  HomePage :32 - List of ProductList: [[[ChromeDriver: chrome on windows (d06a630bf6d052180b58bedf43c2d0ac)] -> xpath: //h4/a], [[ChromeDriver: chrome on windows (d06a630bf6d052180b58bedf43c2d0ac)] -> xpath: //h4/a], [[ChromeDriver: chrome on windows (d06a630bf6d052180b58bedf43c2d0ac)] -> xpath: //h4/a], [[ChromeDriver: chrome on windows (d06a630bf6d052180b58bedf43c2d0ac)] -> xpath: //h4/a], [[ChromeDriver: chrome on windows (d06a630bf6d052180b58bedf43c2d0ac)] -> xpath: //h4/a], [[ChromeDriver: chrome on windows (d06a630bf6d052180b58bedf43c2d0ac)] -> xpath: //h4/a], [[ChromeDriver: chrome on windows (d06a630bf6d052180b58bedf43c2d0ac)] -> xpath: //h4/a], [[ChromeDriver: chrome on windows (d06a630bf6d052180b58bedf43c2d0ac)] -> xpath: //h4/a], [[ChromeDriver: chrome on windows (d06a630bf6d052180b58bedf43c2d0ac)] -> xpath: //h4/a], [[ChromeDriver: chrome on windows (d06a630bf6d052180b58bedf43c2d0ac)] -> xpath: //h4/a], [[ChromeDriver: chrome on windows (d06a630bf6d052180b58bedf43c2d0ac)] -> xpath: //h4/a], [[ChromeDriver: chrome on windows (d06a630bf6d052180b58bedf43c2d0ac)] -> xpath: //h4/a]]
2023-12-19 12:12:431 INFO  HomePage :32 - List of ProductList: [[[ChromeDriver: chrome on windows (d06a630bf6d052180b58bedf43c2d0ac)] -> xpath: //h4/a], [[ChromeDriver: chrome on windows (d06a630bf6d052180b58bedf43c2d0ac)] -> xpath: //h4/a], [[ChromeDriver: chrome on windows (d06a630bf6d052180b58bedf43c2d0ac)] -> xpath: //h4/a], [[ChromeDriver: chrome on windows (d06a630bf6d052180b58bedf43c2d0ac)] -> xpath: //h4/a], [[ChromeDriver: chrome on windows (d06a630bf6d052180b58bedf43c2d0ac)] -> xpath: //h4/a], [[ChromeDriver: chrome on windows (d06a630bf6d052180b58bedf43c2d0ac)] -> xpath: //h4/a], [[ChromeDriver: chrome on windows (d06a630bf6d052180b58bedf43c2d0ac)] -> xpath: //h4/a], [[ChromeDriver: chrome on windows (d06a630bf6d052180b58bedf43c2d0ac)] -> xpath: //h4/a], [[ChromeDriver: chrome on windows (d06a630bf6d052180b58bedf43c2d0ac)] -> xpath: //h4/a], [[ChromeDriver: chrome on windows (d06a630bf6d052180b58bedf43c2d0ac)] -> xpath: //h4/a], [[ChromeDriver: chrome on windows (d06a630bf6d052180b58bedf43c2d0ac)] -> xpath: //h4/a], [[ChromeDriver: chrome on windows (d06a630bf6d052180b58bedf43c2d0ac)] -> xpath: //h4/a]]
2023-12-19 12:12:431 INFO  HomePage :32 - List of ProductList: [[[ChromeDriver: chrome on windows (d06a630bf6d052180b58bedf43c2d0ac)] -> xpath: //h4/a], [[ChromeDriver: chrome on windows (d06a630bf6d052180b58bedf43c2d0ac)] -> xpath: //h4/a], [[ChromeDriver: chrome on windows (d06a630bf6d052180b58bedf43c2d0ac)] -> xpath: //h4/a], [[ChromeDriver: chrome on windows (d06a630bf6d052180b58bedf43c2d0ac)] -> xpath: //h4/a], [[ChromeDriver: chrome on windows (d06a630bf6d052180b58bedf43c2d0ac)] -> xpath: //h4/a], [[ChromeDriver: chrome on windows (d06a630bf6d052180b58bedf43c2d0ac)] -> xpath: //h4/a], [[ChromeDriver: chrome on windows (d06a630bf6d052180b58bedf43c2d0ac)] -> xpath: //h4/a], [[ChromeDriver: chrome on windows (d06a630bf6d052180b58bedf43c2d0ac)] -> xpath: //h4/a], [[ChromeDriver: chrome on windows (d06a630bf6d052180b58bedf43c2d0ac)] -> xpath: //h4/a], [[ChromeDriver: chrome on windows (d06a630bf6d052180b58bedf43c2d0ac)] -> xpath: //h4/a], [[ChromeDriver: chrome on windows (d06a630bf6d052180b58bedf43c2d0ac)] -> xpath: //h4/a], [[ChromeDriver: chrome on windows (d06a630bf6d052180b58bedf43c2d0ac)] -> xpath: //h4/a]]
2023-12-19 12:12:452 INFO  HomePage :32 - List of ProductList: [[[ChromeDriver: chrome on windows (d06a630bf6d052180b58bedf43c2d0ac)] -> xpath: //h4/a], [[ChromeDriver: chrome on windows (d06a630bf6d052180b58bedf43c2d0ac)] -> xpath: //h4/a], [[ChromeDriver: chrome on windows (d06a630bf6d052180b58bedf43c2d0ac)] -> xpath: //h4/a], [[ChromeDriver: chrome on windows (d06a630bf6d052180b58bedf43c2d0ac)] -> xpath: //h4/a], [[ChromeDriver: chrome on windows (d06a630bf6d052180b58bedf43c2d0ac)] -> xpath: //h4/a], [[ChromeDriver: chrome on windows (d06a630bf6d052180b58bedf43c2d0ac)] -> xpath: //h4/a], [[ChromeDriver: chrome on windows (d06a630bf6d052180b58bedf43c2d0ac)] -> xpath: //h4/a], [[ChromeDriver: chrome on windows (d06a630bf6d052180b58bedf43c2d0ac)] -> xpath: //h4/a], [[ChromeDriver: chrome on windows (d06a630bf6d052180b58bedf43c2d0ac)] -> xpath: //h4/a], [[ChromeDriver: chrome on windows (d06a630bf6d052180b58bedf43c2d0ac)] -> xpath: //h4/a], [[ChromeDriver: chrome on windows (d06a630bf6d052180b58bedf43c2d0ac)] -> xpath: //h4/a], [[ChromeDriver: chrome on windows (d06a630bf6d052180b58bedf43c2d0ac)] -> xpath: //h4/a]]
2023-12-19 12:12:461 INFO  HomePage :32 - List of ProductList: [[[ChromeDriver: chrome on windows (d06a630bf6d052180b58bedf43c2d0ac)] -> xpath: //h4/a], [[ChromeDriver: chrome on windows (d06a630bf6d052180b58bedf43c2d0ac)] -> xpath: //h4/a], [[ChromeDriver: chrome on windows (d06a630bf6d052180b58bedf43c2d0ac)] -> xpath: //h4/a], [[ChromeDriver: chrome on windows (d06a630bf6d052180b58bedf43c2d0ac)] -> xpath: //h4/a], [[ChromeDriver: chrome on windows (d06a630bf6d052180b58bedf43c2d0ac)] -> xpath: //h4/a], [[ChromeDriver: chrome on windows (d06a630bf6d052180b58bedf43c2d0ac)] -> xpath: //h4/a], [[ChromeDriver: chrome on windows (d06a630bf6d052180b58bedf43c2d0ac)] -> xpath: //h4/a], [[ChromeDriver: chrome on windows (d06a630bf6d052180b58bedf43c2d0ac)] -> xpath: //h4/a], [[ChromeDriver: chrome on windows (d06a630bf6d052180b58bedf43c2d0ac)] -> xpath: //h4/a], [[ChromeDriver: chrome on windows (d06a630bf6d052180b58bedf43c2d0ac)] -> xpath: //h4/a], [[ChromeDriver: chrome on windows (d06a630bf6d052180b58bedf43c2d0ac)] -> xpath: //h4/a], [[ChromeDriver: chrome on windows (d06a630bf6d052180b58bedf43c2d0ac)] -> xpath: //h4/a]]
2023-12-19 12:12:464 INFO  HomePage :32 - List of ProductList: [[[ChromeDriver: chrome on windows (d06a630bf6d052180b58bedf43c2d0ac)] -> xpath: //h4/a], [[ChromeDriver: chrome on windows (d06a630bf6d052180b58bedf43c2d0ac)] -> xpath: //h4/a], [[ChromeDriver: chrome on windows (d06a630bf6d052180b58bedf43c2d0ac)] -> xpath: //h4/a], [[ChromeDriver: chrome on windows (d06a630bf6d052180b58bedf43c2d0ac)] -> xpath: //h4/a], [[ChromeDriver: chrome on windows (d06a630bf6d052180b58bedf43c2d0ac)] -> xpath: //h4/a], [[ChromeDriver: chrome on windows (d06a630bf6d052180b58bedf43c2d0ac)] -> xpath: //h4/a], [[ChromeDriver: chrome on windows (d06a630bf6d052180b58bedf43c2d0ac)] -> xpath: //h4/a], [[ChromeDriver: chrome on windows (d06a630bf6d052180b58bedf43c2d0ac)] -> xpath: //h4/a], [[ChromeDriver: chrome on windows (d06a630bf6d052180b58bedf43c2d0ac)] -> xpath: //h4/a], [[ChromeDriver: chrome on windows (d06a630bf6d052180b58bedf43c2d0ac)] -> xpath: //h4/a], [[ChromeDriver: chrome on windows (d06a630bf6d052180b58bedf43c2d0ac)] -> xpath: //h4/a], [[ChromeDriver: chrome on windows (d06a630bf6d052180b58bedf43c2d0ac)] -> xpath: //h4/a]]
2023-12-19 12:12:483 INFO  HomePage :32 - List of ProductList: [[[ChromeDriver: chrome on windows (d06a630bf6d052180b58bedf43c2d0ac)] -> xpath: //h4/a], [[ChromeDriver: chrome on windows (d06a630bf6d052180b58bedf43c2d0ac)] -> xpath: //h4/a], [[ChromeDriver: chrome on windows (d06a630bf6d052180b58bedf43c2d0ac)] -> xpath: //h4/a], [[ChromeDriver: chrome on windows (d06a630bf6d052180b58bedf43c2d0ac)] -> xpath: //h4/a], [[ChromeDriver: chrome on windows (d06a630bf6d052180b58bedf43c2d0ac)] -> xpath: //h4/a], [[ChromeDriver: chrome on windows (d06a630bf6d052180b58bedf43c2d0ac)] -> xpath: //h4/a], [[ChromeDriver: chrome on windows (d06a630bf6d052180b58bedf43c2d0ac)] -> xpath: //h4/a], [[ChromeDriver: chrome on windows (d06a630bf6d052180b58bedf43c2d0ac)] -> xpath: //h4/a], [[ChromeDriver: chrome on windows (d06a630bf6d052180b58bedf43c2d0ac)] -> xpath: //h4/a], [[ChromeDriver: chrome on windows (d06a630bf6d052180b58bedf43c2d0ac)] -> xpath: //h4/a], [[ChromeDriver: chrome on windows (d06a630bf6d052180b58bedf43c2d0ac)] -> xpath: //h4/a], [[ChromeDriver: chrome on windows (d06a630bf6d052180b58bedf43c2d0ac)] -> xpath: //h4/a]]
2023-12-19 12:12:492 INFO  HomePage :32 - List of ProductList: [[[ChromeDriver: chrome on windows (d06a630bf6d052180b58bedf43c2d0ac)] -> xpath: //h4/a], [[ChromeDriver: chrome on windows (d06a630bf6d052180b58bedf43c2d0ac)] -> xpath: //h4/a], [[ChromeDriver: chrome on windows (d06a630bf6d052180b58bedf43c2d0ac)] -> xpath: //h4/a], [[ChromeDriver: chrome on windows (d06a630bf6d052180b58bedf43c2d0ac)] -> xpath: //h4/a], [[ChromeDriver: chrome on windows (d06a630bf6d052180b58bedf43c2d0ac)] -> xpath: //h4/a], [[ChromeDriver: chrome on windows (d06a630bf6d052180b58bedf43c2d0ac)] -> xpath: //h4/a], [[ChromeDriver: chrome on windows (d06a630bf6d052180b58bedf43c2d0ac)] -> xpath: //h4/a], [[ChromeDriver: chrome on windows (d06a630bf6d052180b58bedf43c2d0ac)] -> xpath: //h4/a], [[ChromeDriver: chrome on windows (d06a630bf6d052180b58bedf43c2d0ac)] -> xpath: //h4/a], [[ChromeDriver: chrome on windows (d06a630bf6d052180b58bedf43c2d0ac)] -> xpath: //h4/a], [[ChromeDriver: chrome on windows (d06a630bf6d052180b58bedf43c2d0ac)] -> xpath: //h4/a], [[ChromeDriver: chrome on windows (d06a630bf6d052180b58bedf43c2d0ac)] -> xpath: //h4/a]]
2023-12-19 12:12:497 INFO  HomePage :32 - List of ProductList: [[[ChromeDriver: chrome on windows (d06a630bf6d052180b58bedf43c2d0ac)] -> xpath: //h4/a], [[ChromeDriver: chrome on windows (d06a630bf6d052180b58bedf43c2d0ac)] -> xpath: //h4/a], [[ChromeDriver: chrome on windows (d06a630bf6d052180b58bedf43c2d0ac)] -> xpath: //h4/a], [[ChromeDriver: chrome on windows (d06a630bf6d052180b58bedf43c2d0ac)] -> xpath: //h4/a], [[ChromeDriver: chrome on windows (d06a630bf6d052180b58bedf43c2d0ac)] -> xpath: //h4/a], [[ChromeDriver: chrome on windows (d06a630bf6d052180b58bedf43c2d0ac)] -> xpath: //h4/a], [[ChromeDriver: chrome on windows (d06a630bf6d052180b58bedf43c2d0ac)] -> xpath: //h4/a], [[ChromeDriver: chrome on windows (d06a630bf6d052180b58bedf43c2d0ac)] -> xpath: //h4/a], [[ChromeDriver: chrome on windows (d06a630bf6d052180b58bedf43c2d0ac)] -> xpath: //h4/a], [[ChromeDriver: chrome on windows (d06a630bf6d052180b58bedf43c2d0ac)] -> xpath: //h4/a], [[ChromeDriver: chrome on windows (d06a630bf6d052180b58bedf43c2d0ac)] -> xpath: //h4/a], [[ChromeDriver: chrome on windows (d06a630bf6d052180b58bedf43c2d0ac)] -> xpath: //h4/a]]
2023-12-19 12:12:02 INFO  HomePage :32 - List of ProductList: [[[ChromeDriver: chrome on windows (d06a630bf6d052180b58bedf43c2d0ac)] -> xpath: //h4/a], [[ChromeDriver: chrome on windows (d06a630bf6d052180b58bedf43c2d0ac)] -> xpath: //h4/a], [[ChromeDriver: chrome on windows (d06a630bf6d052180b58bedf43c2d0ac)] -> xpath: //h4/a], [[ChromeDriver: chrome on windows (d06a630bf6d052180b58bedf43c2d0ac)] -> xpath: //h4/a], [[ChromeDriver: chrome on windows (d06a630bf6d052180b58bedf43c2d0ac)] -> xpath: //h4/a], [[ChromeDriver: chrome on windows (d06a630bf6d052180b58bedf43c2d0ac)] -> xpath: //h4/a], [[ChromeDriver: chrome on windows (d06a630bf6d052180b58bedf43c2d0ac)] -> xpath: //h4/a], [[ChromeDriver: chrome on windows (d06a630bf6d052180b58bedf43c2d0ac)] -> xpath: //h4/a], [[ChromeDriver: chrome on windows (d06a630bf6d052180b58bedf43c2d0ac)] -> xpath: //h4/a], [[ChromeDriver: chrome on windows (d06a630bf6d052180b58bedf43c2d0ac)] -> xpath: //h4/a], [[ChromeDriver: chrome on windows (d06a630bf6d052180b58bedf43c2d0ac)] -> xpath: //h4/a], [[ChromeDriver: chrome on windows (d06a630bf6d052180b58bedf43c2d0ac)] -> xpath: //h4/a]]
2023-12-19 12:12:14 INFO  HomePage :32 - List of ProductList: [[[ChromeDriver: chrome on windows (d06a630bf6d052180b58bedf43c2d0ac)] -> xpath: //h4/a], [[ChromeDriver: chrome on windows (d06a630bf6d052180b58bedf43c2d0ac)] -> xpath: //h4/a], [[ChromeDriver: chrome on windows (d06a630bf6d052180b58bedf43c2d0ac)] -> xpath: //h4/a], [[ChromeDriver: chrome on windows (d06a630bf6d052180b58bedf43c2d0ac)] -> xpath: //h4/a], [[ChromeDriver: chrome on windows (d06a630bf6d052180b58bedf43c2d0ac)] -> xpath: //h4/a], [[ChromeDriver: chrome on windows (d06a630bf6d052180b58bedf43c2d0ac)] -> xpath: //h4/a], [[ChromeDriver: chrome on windows (d06a630bf6d052180b58bedf43c2d0ac)] -> xpath: //h4/a], [[ChromeDriver: chrome on windows (d06a630bf6d052180b58bedf43c2d0ac)] -> xpath: //h4/a], [[ChromeDriver: chrome on windows (d06a630bf6d052180b58bedf43c2d0ac)] -> xpath: //h4/a], [[ChromeDriver: chrome on windows (d06a630bf6d052180b58bedf43c2d0ac)] -> xpath: //h4/a], [[ChromeDriver: chrome on windows (d06a630bf6d052180b58bedf43c2d0ac)] -> xpath: //h4/a], [[ChromeDriver: chrome on windows (d06a630bf6d052180b58bedf43c2d0ac)] -> xpath: //h4/a]]
2023-12-19 12:12:14 INFO  HomePage :32 - List of ProductList: [[[ChromeDriver: chrome on windows (d06a630bf6d052180b58bedf43c2d0ac)] -> xpath: //h4/a], [[ChromeDriver: chrome on windows (d06a630bf6d052180b58bedf43c2d0ac)] -> xpath: //h4/a], [[ChromeDriver: chrome on windows (d06a630bf6d052180b58bedf43c2d0ac)] -> xpath: //h4/a], [[ChromeDriver: chrome on windows (d06a630bf6d052180b58bedf43c2d0ac)] -> xpath: //h4/a], [[ChromeDriver: chrome on windows (d06a630bf6d052180b58bedf43c2d0ac)] -> xpath: //h4/a], [[ChromeDriver: chrome on windows (d06a630bf6d052180b58bedf43c2d0ac)] -> xpath: //h4/a], [[ChromeDriver: chrome on windows (d06a630bf6d052180b58bedf43c2d0ac)] -> xpath: //h4/a], [[ChromeDriver: chrome on windows (d06a630bf6d052180b58bedf43c2d0ac)] -> xpath: //h4/a], [[ChromeDriver: chrome on windows (d06a630bf6d052180b58bedf43c2d0ac)] -> xpath: //h4/a], [[ChromeDriver: chrome on windows (d06a630bf6d052180b58bedf43c2d0ac)] -> xpath: //h4/a], [[ChromeDriver: chrome on windows (d06a630bf6d052180b58bedf43c2d0ac)] -> xpath: //h4/a], [[ChromeDriver: chrome on windows (d06a630bf6d052180b58bedf43c2d0ac)] -> xpath: //h4/a]]
2023-12-19 12:12:34 INFO  HomePage :32 - List of ProductList: [[[ChromeDriver: chrome on windows (d06a630bf6d052180b58bedf43c2d0ac)] -> xpath: //h4/a], [[ChromeDriver: chrome on windows (d06a630bf6d052180b58bedf43c2d0ac)] -> xpath: //h4/a], [[ChromeDriver: chrome on windows (d06a630bf6d052180b58bedf43c2d0ac)] -> xpath: //h4/a], [[ChromeDriver: chrome on windows (d06a630bf6d052180b58bedf43c2d0ac)] -> xpath: //h4/a], [[ChromeDriver: chrome on windows (d06a630bf6d052180b58bedf43c2d0ac)] -> xpath: //h4/a], [[ChromeDriver: chrome on windows (d06a630bf6d052180b58bedf43c2d0ac)] -> xpath: //h4/a], [[ChromeDriver: chrome on windows (d06a630bf6d052180b58bedf43c2d0ac)] -> xpath: //h4/a], [[ChromeDriver: chrome on windows (d06a630bf6d052180b58bedf43c2d0ac)] -> xpath: //h4/a], [[ChromeDriver: chrome on windows (d06a630bf6d052180b58bedf43c2d0ac)] -> xpath: //h4/a], [[ChromeDriver: chrome on windows (d06a630bf6d052180b58bedf43c2d0ac)] -> xpath: //h4/a], [[ChromeDriver: chrome on windows (d06a630bf6d052180b58bedf43c2d0ac)] -> xpath: //h4/a], [[ChromeDriver: chrome on windows (d06a630bf6d052180b58bedf43c2d0ac)] -> xpath: //h4/a]]
2023-12-19 12:12:45 INFO  HomePage :32 - List of ProductList: [[[ChromeDriver: chrome on windows (d06a630bf6d052180b58bedf43c2d0ac)] -> xpath: //h4/a], [[ChromeDriver: chrome on windows (d06a630bf6d052180b58bedf43c2d0ac)] -> xpath: //h4/a], [[ChromeDriver: chrome on windows (d06a630bf6d052180b58bedf43c2d0ac)] -> xpath: //h4/a], [[ChromeDriver: chrome on windows (d06a630bf6d052180b58bedf43c2d0ac)] -> xpath: //h4/a], [[ChromeDriver: chrome on windows (d06a630bf6d052180b58bedf43c2d0ac)] -> xpath: //h4/a], [[ChromeDriver: chrome on windows (d06a630bf6d052180b58bedf43c2d0ac)] -> xpath: //h4/a], [[ChromeDriver: chrome on windows (d06a630bf6d052180b58bedf43c2d0ac)] -> xpath: //h4/a], [[ChromeDriver: chrome on windows (d06a630bf6d052180b58bedf43c2d0ac)] -> xpath: //h4/a], [[ChromeDriver: chrome on windows (d06a630bf6d052180b58bedf43c2d0ac)] -> xpath: //h4/a], [[ChromeDriver: chrome on windows (d06a630bf6d052180b58bedf43c2d0ac)] -> xpath: //h4/a], [[ChromeDriver: chrome on windows (d06a630bf6d052180b58bedf43c2d0ac)] -> xpath: //h4/a], [[ChromeDriver: chrome on windows (d06a630bf6d052180b58bedf43c2d0ac)] -> xpath: //h4/a]]
2023-12-19 12:12:48 INFO  HomePage :32 - List of ProductList: [[[ChromeDriver: chrome on windows (d06a630bf6d052180b58bedf43c2d0ac)] -> xpath: //h4/a], [[ChromeDriver: chrome on windows (d06a630bf6d052180b58bedf43c2d0ac)] -> xpath: //h4/a], [[ChromeDriver: chrome on windows (d06a630bf6d052180b58bedf43c2d0ac)] -> xpath: //h4/a], [[ChromeDriver: chrome on windows (d06a630bf6d052180b58bedf43c2d0ac)] -> xpath: //h4/a], [[ChromeDriver: chrome on windows (d06a630bf6d052180b58bedf43c2d0ac)] -> xpath: //h4/a], [[ChromeDriver: chrome on windows (d06a630bf6d052180b58bedf43c2d0ac)] -> xpath: //h4/a], [[ChromeDriver: chrome on windows (d06a630bf6d052180b58bedf43c2d0ac)] -> xpath: //h4/a], [[ChromeDriver: chrome on windows (d06a630bf6d052180b58bedf43c2d0ac)] -> xpath: //h4/a], [[ChromeDriver: chrome on windows (d06a630bf6d052180b58bedf43c2d0ac)] -> xpath: //h4/a], [[ChromeDriver: chrome on windows (d06a630bf6d052180b58bedf43c2d0ac)] -> xpath: //h4/a], [[ChromeDriver: chrome on windows (d06a630bf6d052180b58bedf43c2d0ac)] -> xpath: //h4/a], [[ChromeDriver: chrome on windows (d06a630bf6d052180b58bedf43c2d0ac)] -> xpath: //h4/a]]
2023-12-19 12:12:64 INFO  HomePage :32 - List of ProductList: [[[ChromeDriver: chrome on windows (d06a630bf6d052180b58bedf43c2d0ac)] -> xpath: //h4/a], [[ChromeDriver: chrome on windows (d06a630bf6d052180b58bedf43c2d0ac)] -> xpath: //h4/a], [[ChromeDriver: chrome on windows (d06a630bf6d052180b58bedf43c2d0ac)] -> xpath: //h4/a], [[ChromeDriver: chrome on windows (d06a630bf6d052180b58bedf43c2d0ac)] -> xpath: //h4/a], [[ChromeDriver: chrome on windows (d06a630bf6d052180b58bedf43c2d0ac)] -> xpath: //h4/a], [[ChromeDriver: chrome on windows (d06a630bf6d052180b58bedf43c2d0ac)] -> xpath: //h4/a], [[ChromeDriver: chrome on windows (d06a630bf6d052180b58bedf43c2d0ac)] -> xpath: //h4/a], [[ChromeDriver: chrome on windows (d06a630bf6d052180b58bedf43c2d0ac)] -> xpath: //h4/a], [[ChromeDriver: chrome on windows (d06a630bf6d052180b58bedf43c2d0ac)] -> xpath: //h4/a], [[ChromeDriver: chrome on windows (d06a630bf6d052180b58bedf43c2d0ac)] -> xpath: //h4/a], [[ChromeDriver: chrome on windows (d06a630bf6d052180b58bedf43c2d0ac)] -> xpath: //h4/a], [[ChromeDriver: chrome on windows (d06a630bf6d052180b58bedf43c2d0ac)] -> xpath: //h4/a]]
2023-12-19 12:12:72 INFO  HomePage :32 - List of ProductList: [[[ChromeDriver: chrome on windows (d06a630bf6d052180b58bedf43c2d0ac)] -> xpath: //h4/a], [[ChromeDriver: chrome on windows (d06a630bf6d052180b58bedf43c2d0ac)] -> xpath: //h4/a], [[ChromeDriver: chrome on windows (d06a630bf6d052180b58bedf43c2d0ac)] -> xpath: //h4/a], [[ChromeDriver: chrome on windows (d06a630bf6d052180b58bedf43c2d0ac)] -> xpath: //h4/a], [[ChromeDriver: chrome on windows (d06a630bf6d052180b58bedf43c2d0ac)] -> xpath: //h4/a], [[ChromeDriver: chrome on windows (d06a630bf6d052180b58bedf43c2d0ac)] -> xpath: //h4/a], [[ChromeDriver: chrome on windows (d06a630bf6d052180b58bedf43c2d0ac)] -> xpath: //h4/a], [[ChromeDriver: chrome on windows (d06a630bf6d052180b58bedf43c2d0ac)] -> xpath: //h4/a], [[ChromeDriver: chrome on windows (d06a630bf6d052180b58bedf43c2d0ac)] -> xpath: //h4/a], [[ChromeDriver: chrome on windows (d06a630bf6d052180b58bedf43c2d0ac)] -> xpath: //h4/a], [[ChromeDriver: chrome on windows (d06a630bf6d052180b58bedf43c2d0ac)] -> xpath: //h4/a], [[ChromeDriver: chrome on windows (d06a630bf6d052180b58bedf43c2d0ac)] -> xpath: //h4/a]]
2023-12-19 12:12:81 INFO  HomePage :32 - List of ProductList: [[[ChromeDriver: chrome on windows (d06a630bf6d052180b58bedf43c2d0ac)] -> xpath: //h4/a], [[ChromeDriver: chrome on windows (d06a630bf6d052180b58bedf43c2d0ac)] -> xpath: //h4/a], [[ChromeDriver: chrome on windows (d06a630bf6d052180b58bedf43c2d0ac)] -> xpath: //h4/a], [[ChromeDriver: chrome on windows (d06a630bf6d052180b58bedf43c2d0ac)] -> xpath: //h4/a], [[ChromeDriver: chrome on windows (d06a630bf6d052180b58bedf43c2d0ac)] -> xpath: //h4/a], [[ChromeDriver: chrome on windows (d06a630bf6d052180b58bedf43c2d0ac)] -> xpath: //h4/a], [[ChromeDriver: chrome on windows (d06a630bf6d052180b58bedf43c2d0ac)] -> xpath: //h4/a], [[ChromeDriver: chrome on windows (d06a630bf6d052180b58bedf43c2d0ac)] -> xpath: //h4/a], [[ChromeDriver: chrome on windows (d06a630bf6d052180b58bedf43c2d0ac)] -> xpath: //h4/a], [[ChromeDriver: chrome on windows (d06a630bf6d052180b58bedf43c2d0ac)] -> xpath: //h4/a], [[ChromeDriver: chrome on windows (d06a630bf6d052180b58bedf43c2d0ac)] -> xpath: //h4/a], [[ChromeDriver: chrome on windows (d06a630bf6d052180b58bedf43c2d0ac)] -> xpath: //h4/a]]
2023-12-19 12:12:81 INFO  HomePage :32 - List of ProductList: [[[ChromeDriver: chrome on windows (d06a630bf6d052180b58bedf43c2d0ac)] -> xpath: //h4/a], [[ChromeDriver: chrome on windows (d06a630bf6d052180b58bedf43c2d0ac)] -> xpath: //h4/a], [[ChromeDriver: chrome on windows (d06a630bf6d052180b58bedf43c2d0ac)] -> xpath: //h4/a], [[ChromeDriver: chrome on windows (d06a630bf6d052180b58bedf43c2d0ac)] -> xpath: //h4/a], [[ChromeDriver: chrome on windows (d06a630bf6d052180b58bedf43c2d0ac)] -> xpath: //h4/a], [[ChromeDriver: chrome on windows (d06a630bf6d052180b58bedf43c2d0ac)] -> xpath: //h4/a], [[ChromeDriver: chrome on windows (d06a630bf6d052180b58bedf43c2d0ac)] -> xpath: //h4/a], [[ChromeDriver: chrome on windows (d06a630bf6d052180b58bedf43c2d0ac)] -> xpath: //h4/a], [[ChromeDriver: chrome on windows (d06a630bf6d052180b58bedf43c2d0ac)] -> xpath: //h4/a], [[ChromeDriver: chrome on windows (d06a630bf6d052180b58bedf43c2d0ac)] -> xpath: //h4/a], [[ChromeDriver: chrome on windows (d06a630bf6d052180b58bedf43c2d0ac)] -> xpath: //h4/a], [[ChromeDriver: chrome on windows (d06a630bf6d052180b58bedf43c2d0ac)] -> xpath: //h4/a]]
2023-12-19 12:12:97 INFO  HomePage :32 - List of ProductList: [[[ChromeDriver: chrome on windows (d06a630bf6d052180b58bedf43c2d0ac)] -> xpath: //h4/a], [[ChromeDriver: chrome on windows (d06a630bf6d052180b58bedf43c2d0ac)] -> xpath: //h4/a], [[ChromeDriver: chrome on windows (d06a630bf6d052180b58bedf43c2d0ac)] -> xpath: //h4/a], [[ChromeDriver: chrome on windows (d06a630bf6d052180b58bedf43c2d0ac)] -> xpath: //h4/a], [[ChromeDriver: chrome on windows (d06a630bf6d052180b58bedf43c2d0ac)] -> xpath: //h4/a], [[ChromeDriver: chrome on windows (d06a630bf6d052180b58bedf43c2d0ac)] -> xpath: //h4/a], [[ChromeDriver: chrome on windows (d06a630bf6d052180b58bedf43c2d0ac)] -> xpath: //h4/a], [[ChromeDriver: chrome on windows (d06a630bf6d052180b58bedf43c2d0ac)] -> xpath: //h4/a], [[ChromeDriver: chrome on windows (d06a630bf6d052180b58bedf43c2d0ac)] -> xpath: //h4/a], [[ChromeDriver: chrome on windows (d06a630bf6d052180b58bedf43c2d0ac)] -> xpath: //h4/a], [[ChromeDriver: chrome on windows (d06a630bf6d052180b58bedf43c2d0ac)] -> xpath: //h4/a], [[ChromeDriver: chrome on windows (d06a630bf6d052180b58bedf43c2d0ac)] -> xpath: //h4/a]]
2023-12-19 12:12:97 INFO  HomePage :32 - List of ProductList: [[[ChromeDriver: chrome on windows (d06a630bf6d052180b58bedf43c2d0ac)] -> xpath: //h4/a], [[ChromeDriver: chrome on windows (d06a630bf6d052180b58bedf43c2d0ac)] -> xpath: //h4/a], [[ChromeDriver: chrome on windows (d06a630bf6d052180b58bedf43c2d0ac)] -> xpath: //h4/a], [[ChromeDriver: chrome on windows (d06a630bf6d052180b58bedf43c2d0ac)] -> xpath: //h4/a], [[ChromeDriver: chrome on windows (d06a630bf6d052180b58bedf43c2d0ac)] -> xpath: //h4/a], [[ChromeDriver: chrome on windows (d06a630bf6d052180b58bedf43c2d0ac)] -> xpath: //h4/a], [[ChromeDriver: chrome on windows (d06a630bf6d052180b58bedf43c2d0ac)] -> xpath: //h4/a], [[ChromeDriver: chrome on windows (d06a630bf6d052180b58bedf43c2d0ac)] -> xpath: //h4/a], [[ChromeDriver: chrome on windows (d06a630bf6d052180b58bedf43c2d0ac)] -> xpath: //h4/a], [[ChromeDriver: chrome on windows (d06a630bf6d052180b58bedf43c2d0ac)] -> xpath: //h4/a], [[ChromeDriver: chrome on windows (d06a630bf6d052180b58bedf43c2d0ac)] -> xpath: //h4/a], [[ChromeDriver: chrome on windows (d06a630bf6d052180b58bedf43c2d0ac)] -> xpath: //h4/a]]
2023-12-19 12:12:86 INFO  HomePage :28 - List of product:[[[ChromeDriver: chrome on windows (92290619132c104fa9822ca3bc494e9b)] -> xpath: //p[@class ='price']], [[ChromeDriver: chrome on windows (92290619132c104fa9822ca3bc494e9b)] -> xpath: //p[@class ='price']], [[ChromeDriver: chrome on windows (92290619132c104fa9822ca3bc494e9b)] -> xpath: //p[@class ='price']], [[ChromeDriver: chrome on windows (92290619132c104fa9822ca3bc494e9b)] -> xpath: //p[@class ='price']], [[ChromeDriver: chrome on windows (92290619132c104fa9822ca3bc494e9b)] -> xpath: //p[@class ='price']]]
2023-12-19 12:12:96 INFO  HomePage :28 - List of product:[[[ChromeDriver: chrome on windows (92290619132c104fa9822ca3bc494e9b)] -> xpath: //p[@class ='price']], [[ChromeDriver: chrome on windows (92290619132c104fa9822ca3bc494e9b)] -> xpath: //p[@class ='price']], [[ChromeDriver: chrome on windows (92290619132c104fa9822ca3bc494e9b)] -> xpath: //p[@class ='price']], [[ChromeDriver: chrome on windows (92290619132c104fa9822ca3bc494e9b)] -> xpath: //p[@class ='price']], [[ChromeDriver: chrome on windows (92290619132c104fa9822ca3bc494e9b)] -> xpath: //p[@class ='price']]]
2023-12-19 12:12:106 INFO  HomePage :28 - List of product:[[[ChromeDriver: chrome on windows (92290619132c104fa9822ca3bc494e9b)] -> xpath: //p[@class ='price']], [[ChromeDriver: chrome on windows (92290619132c104fa9822ca3bc494e9b)] -> xpath: //p[@class ='price']], [[ChromeDriver: chrome on windows (92290619132c104fa9822ca3bc494e9b)] -> xpath: //p[@class ='price']], [[ChromeDriver: chrome on windows (92290619132c104fa9822ca3bc494e9b)] -> xpath: //p[@class ='price']], [[ChromeDriver: chrome on windows (92290619132c104fa9822ca3bc494e9b)] -> xpath: //p[@class ='price']]]
2023-12-19 12:12:111 INFO  HomePage :28 - List of product:[[[ChromeDriver: chrome on windows (92290619132c104fa9822ca3bc494e9b)] -> xpath: //p[@class ='price']], [[ChromeDriver: chrome on windows (92290619132c104fa9822ca3bc494e9b)] -> xpath: //p[@class ='price']], [[ChromeDriver: chrome on windows (92290619132c104fa9822ca3bc494e9b)] -> xpath: //p[@class ='price']], [[ChromeDriver: chrome on windows (92290619132c104fa9822ca3bc494e9b)] -> xpath: //p[@class ='price']], [[ChromeDriver: chrome on windows (92290619132c104fa9822ca3bc494e9b)] -> xpath: //p[@class ='price']]]
2023-12-19 12:12:111 INFO  HomePage :28 - List of product:[[[ChromeDriver: chrome on windows (92290619132c104fa9822ca3bc494e9b)] -> xpath: //p[@class ='price']], [[ChromeDriver: chrome on windows (92290619132c104fa9822ca3bc494e9b)] -> xpath: //p[@class ='price']], [[ChromeDriver: chrome on windows (92290619132c104fa9822ca3bc494e9b)] -> xpath: //p[@class ='price']], [[ChromeDriver: chrome on windows (92290619132c104fa9822ca3bc494e9b)] -> xpath: //p[@class ='price']], [[ChromeDriver: chrome on windows (92290619132c104fa9822ca3bc494e9b)] -> xpath: //p[@class ='price']]]
2023-12-19 12:12:138 INFO  HomePage :33 - sorting High to low[[ChromeDriver: chrome on windows (92290619132c104fa9822ca3bc494e9b)] -> id: input-sort]
2023-12-19 12:12:129 INFO  HomePage :125 - Product by name:[[[ChromeDriver: chrome on windows (92290619132c104fa9822ca3bc494e9b)] -> xpath: //h4/a], [[ChromeDriver: chrome on windows (92290619132c104fa9822ca3bc494e9b)] -> xpath: //h4/a], [[ChromeDriver: chrome on windows (92290619132c104fa9822ca3bc494e9b)] -> xpath: //h4/a], [[ChromeDriver: chrome on windows (92290619132c104fa9822ca3bc494e9b)] -> xpath: //h4/a], [[ChromeDriver: chrome on windows (92290619132c104fa9822ca3bc494e9b)] -> xpath: //h4/a]]
2023-12-19 12:12:172 INFO  HomePage :132 - Macbook Text verified:[[ChromeDriver: chrome on windows (92290619132c104fa9822ca3bc494e9b)] -> link text: MacBook]
2023-12-19 12:12:199 INFO  HomePage :137 - Add to cart button:[[ChromeDriver: chrome on windows (92290619132c104fa9822ca3bc494e9b)] -> xpath: //button[@id='button-cart']]
2023-12-19 12:12:529 INFO  HomePage :141 - product sucess msg:[[ChromeDriver: chrome on windows (92290619132c104fa9822ca3bc494e9b)] -> css selector: body:nth-child(2) div.container:nth-child(4) > div.alert.alert-success.alert-dismissible]
2023-12-19 12:12:554 INFO  HomePage :145 - Shopping cart link click:[[ChromeDriver: chrome on windows (92290619132c104fa9822ca3bc494e9b)] -> xpath: //a[contains(text(),'shopping cart')]]
2023-12-19 12:12:96 INFO  HomePage :149 - Shopping cart Text verified:Proxy element for: DefaultElementLocator 'By.xpath: //a[contains(text(),'shopping cart')]'
2023-12-19 12:12:128 INFO  HomePage :132 - Macbook Text verified:[[ChromeDriver: chrome on windows (92290619132c104fa9822ca3bc494e9b)] -> link text: MacBook]
2023-12-19 12:12:159 INFO  HomePage :153 - Quantity:[[ChromeDriver: chrome on windows (92290619132c104fa9822ca3bc494e9b)] -> xpath: //input[contains(@name, 'quantity')]]
2023-12-19 12:12:224 INFO  HomePage :158 - Click Update btn[[ChromeDriver: chrome on windows (92290619132c104fa9822ca3bc494e9b)] -> xpath: //button[contains(@data-original-title, 'Update')]]
2023-12-19 12:12:495 INFO  HomePage :162 - Success modified msg:[[ChromeDriver: chrome on windows (92290619132c104fa9822ca3bc494e9b)] -> xpath: //div[@id='checkout-cart']/div[1]]
2023-12-19 12:12:524 INFO  HomePage :170 - Checkout button click:[[ChromeDriver: chrome on windows (92290619132c104fa9822ca3bc494e9b)] -> xpath: //a[contains(text(),'Checkout')]]
2023-12-19 12:12:952 INFO  HomePage :174 - Checkout Text verified[[ChromeDriver: chrome on windows (92290619132c104fa9822ca3bc494e9b)] -> xpath: //h1[contains(text(),'Checkout')]]
2023-12-19 12:12:267 INFO  HomePage :178 - Checkout get new customer:[[ChromeDriver: chrome on windows (92290619132c104fa9822ca3bc494e9b)] -> xpath: //h2[contains(text(),'New Customer')]]
2023-12-19 12:12:299 INFO  HomePage :183 - guest :[[ChromeDriver: chrome on windows (92290619132c104fa9822ca3bc494e9b)] -> xpath: //input[@value='guest']]
2023-12-19 12:12:369 INFO  HomePage :188 - Continue button:[[ChromeDriver: chrome on windows (92290619132c104fa9822ca3bc494e9b)] -> xpath: //input[@id='button-account']]
2023-12-19 12:12:741 INFO  HomePage :195 - enter First Name:[[ChromeDriver: chrome on windows (92290619132c104fa9822ca3bc494e9b)] -> xpath: //input[@id='input-payment-firstname']]
2023-12-19 12:12:830 INFO  HomePage :200 - enter lastname:[[ChromeDriver: chrome on windows (92290619132c104fa9822ca3bc494e9b)] -> xpath: //input[@id='input-payment-lastname']]
2023-12-19 12:12:924 INFO  HomePage :205 - enter emailid:[[ChromeDriver: chrome on windows (92290619132c104fa9822ca3bc494e9b)] -> xpath: //input[@id='input-payment-email']]
2023-12-19 12:12:30 INFO  HomePage :210 - enter Telephone:[[ChromeDriver: chrome on windows (92290619132c104fa9822ca3bc494e9b)] -> xpath: //input[@id='input-payment-lastname']]
2023-12-19 12:12:139 INFO  HomePage :215 - enter Address:[[ChromeDriver: chrome on windows (92290619132c104fa9822ca3bc494e9b)] -> xpath: //input[@id='input-payment-address-1']]
2023-12-19 12:12:224 INFO  HomePage :220 - enter city:[[ChromeDriver: chrome on windows (92290619132c104fa9822ca3bc494e9b)] -> xpath: //input[@id='input-payment-city']]
2023-12-19 12:12:286 INFO  HomePage :225 - enter city:[[ChromeDriver: chrome on windows (92290619132c104fa9822ca3bc494e9b)] -> xpath: //input[@id='input-payment-postcode']]
2023-12-19 12:12:355 INFO  HomePage :230 - enter city:[[ChromeDriver: chrome on windows (92290619132c104fa9822ca3bc494e9b)] -> xpath: //select[@id='input-payment-country']]
2023-12-19 12:12:433 INFO  HomePage :235 - enter city:[[ChromeDriver: chrome on windows (92290619132c104fa9822ca3bc494e9b)] -> xpath: //select[@id='input-payment-zone']]
2023-12-19 12:12:496 INFO  HomePage :240 - Click continue button:[[ChromeDriver: chrome on windows (92290619132c104fa9822ca3bc494e9b)] -> xpath: //input[@id='button-guest']]
2023-12-19 12:12:145 INFO  HomePage :245 - enter comment in Text Area:[[ChromeDriver: chrome on windows (92290619132c104fa9822ca3bc494e9b)] -> tag name: textarea]
2023-12-19 12:12:337 INFO  HomePage :250 - Condition checkbox:[[ChromeDriver: chrome on windows (92290619132c104fa9822ca3bc494e9b)] -> name: agree]
2023-12-19 12:12:399 INFO  HomePage :255 - Continue button payment[[ChromeDriver: chrome on windows (92290619132c104fa9822ca3bc494e9b)] -> xpath: //input[@id='button-payment-method']]
2023-12-19 12:12:765 INFO  HomePage :260 - Warning Message Text:[[ChromeDriver: chrome on windows (92290619132c104fa9822ca3bc494e9b)] -> xpath: //div[text()='Warning: Payment method required!']]
2023-12-19 12:12:409 INFO  HomePage :86 - Click on MyAccount : [[ChromeDriver: chrome on windows (2309e19f257d5bacad8b4cd4c93bd5a5)] -> xpath: //span[contains(text(),'My Account')]]
2023-12-19 12:12:422 INFO  HomePage :99 - Click on DropDown Account List : [[[ChromeDriver: chrome on windows (2309e19f257d5bacad8b4cd4c93bd5a5)] -> xpath: //li[@class='dropdown open']//ul/li], [[ChromeDriver: chrome on windows (2309e19f257d5bacad8b4cd4c93bd5a5)] -> xpath: //li[@class='dropdown open']//ul/li]]
2023-12-19 12:12:834 INFO  HomePage :63 - Verify text RegisterPAge Welcome Text: [[ChromeDriver: chrome on windows (2309e19f257d5bacad8b4cd4c93bd5a5)] -> xpath: //div[@id='content']/h1]
2023-12-19 12:12:935 INFO  HomePage :86 - Click on MyAccount : [[ChromeDriver: chrome on windows (9abd0d6acd21073e788545bcf47b9899)] -> xpath: //span[contains(text(),'My Account')]]
2023-12-19 12:12:400 INFO  HomePage :99 - Click on DropDown Account List : [[[ChromeDriver: chrome on windows (9abd0d6acd21073e788545bcf47b9899)] -> xpath: //li[@class='dropdown open']//ul/li], [[ChromeDriver: chrome on windows (9abd0d6acd21073e788545bcf47b9899)] -> xpath: //li[@class='dropdown open']//ul/li]]
2023-12-19 12:12:418 INFO  HomePage :29 - Login Welcome Text: [[ChromeDriver: chrome on windows (9abd0d6acd21073e788545bcf47b9899)] -> xpath: //h2[normalize-space()='Returning Customer']]
2023-12-19 12:12:240 INFO  HomePage :86 - Click on MyAccount : [[ChromeDriver: chrome on windows (643c7c21770bce6127acfaa89ab3fecf)] -> xpath: //span[contains(text(),'My Account')]]
2023-12-19 12:12:259 INFO  HomePage :99 - Click on DropDown Account List : [[[ChromeDriver: chrome on windows (643c7c21770bce6127acfaa89ab3fecf)] -> xpath: //li[@class='dropdown open']//ul/li], [[ChromeDriver: chrome on windows (643c7c21770bce6127acfaa89ab3fecf)] -> xpath: //li[@class='dropdown open']//ul/li]]
2023-12-19 12:12:737 INFO  HomePage :69 - Enter FirstName: [[ChromeDriver: chrome on windows (643c7c21770bce6127acfaa89ab3fecf)] -> name: firstname]
2023-12-19 12:12:818 INFO  HomePage :74 - Enter Lastname: [[ChromeDriver: chrome on windows (643c7c21770bce6127acfaa89ab3fecf)] -> name: lastname]
2023-12-19 12:12:898 INFO  HomePage :80 - Enter Email : [[ChromeDriver: chrome on windows (643c7c21770bce6127acfaa89ab3fecf)] -> name: email]
2023-12-19 12:12:991 INFO  HomePage :85 - Enter Telephone: [[ChromeDriver: chrome on windows (643c7c21770bce6127acfaa89ab3fecf)] -> name: telephone]
2023-12-19 12:12:76 INFO  HomePage :90 - Enter Password: [[ChromeDriver: chrome on windows (643c7c21770bce6127acfaa89ab3fecf)] -> name: password]
2023-12-19 12:12:151 INFO  HomePage :95 - Enter Confirm Password: [[ChromeDriver: chrome on windows (643c7c21770bce6127acfaa89ab3fecf)] -> name: confirm]
2023-12-19 12:12:233 INFO  HomePage :103 - select the field of subscribe: [[[ChromeDriver: chrome on windows (643c7c21770bce6127acfaa89ab3fecf)] -> xpath: //label[@class='radio-inline']], [[ChromeDriver: chrome on windows (643c7c21770bce6127acfaa89ab3fecf)] -> xpath: //label[@class='radio-inline']]]
2023-12-19 12:12:289 INFO  HomePage :111 - Click on Policy Checkbox [[ChromeDriver: chrome on windows (643c7c21770bce6127acfaa89ab3fecf)] -> name: agree]
2023-12-19 12:12:133 INFO  HomePage :116 - Click on Continue Button: [[ChromeDriver: chrome on windows (643c7c21770bce6127acfaa89ab3fecf)] -> xpath: //input[@value='Continue']]
2023-12-19 12:12:154 INFO  HomePage :119 - Verify text Register Success Message: [[ChromeDriver: chrome on windows (643c7c21770bce6127acfaa89ab3fecf)] -> xpath: //h1[normalize-space()='Your Account Has Been Created!']]
2023-12-19 12:12:601 INFO  HomePage :124 - click on Continue Button after Registration: [[ChromeDriver: chrome on windows (643c7c21770bce6127acfaa89ab3fecf)] -> link text: Continue]
2023-12-19 12:12:621 INFO  HomePage :86 - Click on MyAccount : [[ChromeDriver: chrome on windows (643c7c21770bce6127acfaa89ab3fecf)] -> xpath: //span[contains(text(),'My Account')]]
2023-12-19 12:12:369 INFO  HomePage :99 - Click on DropDown Account List : [[[ChromeDriver: chrome on windows (643c7c21770bce6127acfaa89ab3fecf)] -> xpath: //li[@class='dropdown open']//ul/li], [[ChromeDriver: chrome on windows (643c7c21770bce6127acfaa89ab3fecf)] -> xpath: //li[@class='dropdown open']//ul/li], [[ChromeDriver: chrome on windows (643c7c21770bce6127acfaa89ab3fecf)] -> xpath: //li[@class='dropdown open']//ul/li], [[ChromeDriver: chrome on windows (643c7c21770bce6127acfaa89ab3fecf)] -> xpath: //li[@class='dropdown open']//ul/li], [[ChromeDriver: chrome on windows (643c7c21770bce6127acfaa89ab3fecf)] -> xpath: //li[@class='dropdown open']//ul/li]]
2023-12-19 12:12:398 INFO  HomePage :108 - Verify text of logout Success message : [[ChromeDriver: chrome on windows (643c7c21770bce6127acfaa89ab3fecf)] -> xpath: //h1[contains(text(),'Account Logout')]]
2023-12-19 12:12:861 INFO  HomePage :124 - click on Continue Button after Registration: [[ChromeDriver: chrome on windows (643c7c21770bce6127acfaa89ab3fecf)] -> link text: Continue]
2023-12-19 12:12:443 INFO  HomePage :86 - Click on MyAccount : [[ChromeDriver: chrome on windows (8921c41469ef8aa4ce7df2f51f04d337)] -> xpath: //span[contains(text(),'My Account')]]
2023-12-19 12:12:913 INFO  HomePage :99 - Click on DropDown Account List : [[[ChromeDriver: chrome on windows (8921c41469ef8aa4ce7df2f51f04d337)] -> xpath: //li[@class='dropdown open']//ul/li], [[ChromeDriver: chrome on windows (8921c41469ef8aa4ce7df2f51f04d337)] -> xpath: //li[@class='dropdown open']//ul/li]]
2023-12-19 12:12:02 INFO  HomePage :34 - Enter Email : [[ChromeDriver: chrome on windows (8921c41469ef8aa4ce7df2f51f04d337)] -> name: email]
2023-12-19 12:12:65 INFO  HomePage :39 - CEnter Password : [[ChromeDriver: chrome on windows (8921c41469ef8aa4ce7df2f51f04d337)] -> name: password]
2023-12-19 12:12:791 INFO  HomePage :45 - Clicking on login button : [[ChromeDriver: chrome on windows (8921c41469ef8aa4ce7df2f51f04d337)] -> xpath: //input[@value='Login']]
2023-12-19 12:12:811 INFO  AccountPage :18 - account Welcome Text : [[ChromeDriver: chrome on windows (8921c41469ef8aa4ce7df2f51f04d337)] -> xpath: //h2[normalize-space()='My Account']]
2023-12-19 12:12:829 INFO  HomePage :86 - Click on MyAccount : [[ChromeDriver: chrome on windows (8921c41469ef8aa4ce7df2f51f04d337)] -> xpath: //span[contains(text(),'My Account')]]
2023-12-19 12:12:92 INFO  HomePage :99 - Click on DropDown Account List : [[[ChromeDriver: chrome on windows (8921c41469ef8aa4ce7df2f51f04d337)] -> xpath: //li[@class='dropdown open']//ul/li], [[ChromeDriver: chrome on windows (8921c41469ef8aa4ce7df2f51f04d337)] -> xpath: //li[@class='dropdown open']//ul/li], [[ChromeDriver: chrome on windows (8921c41469ef8aa4ce7df2f51f04d337)] -> xpath: //li[@class='dropdown open']//ul/li], [[ChromeDriver: chrome on windows (8921c41469ef8aa4ce7df2f51f04d337)] -> xpath: //li[@class='dropdown open']//ul/li], [[ChromeDriver: chrome on windows (8921c41469ef8aa4ce7df2f51f04d337)] -> xpath: //li[@class='dropdown open']//ul/li]]
2023-12-19 12:12:112 INFO  HomePage :108 - Verify text of logout Success message : [[ChromeDriver: chrome on windows (8921c41469ef8aa4ce7df2f51f04d337)] -> xpath: //h1[contains(text(),'Account Logout')]]
2023-12-19 12:12:544 INFO  HomePage :124 - click on Continue Button after Registration: [[ChromeDriver: chrome on windows (8921c41469ef8aa4ce7df2f51f04d337)] -> link text: Continue]
